{"serviceMethodName":"getUsers","serviceMethodArguments":[],"level":"info","message":"Service Method Invoke","timestamp":"2020-03-30T10:29:20.329Z"}
{"serviceMethodName":"getUsers","serviceMethodArguments":[],"level":"info","message":"Service Method Invoke","timestamp":"2020-03-30T10:30:41.279Z"}
{"serviceMethodName":"getUsers","serviceMethodArguments":[],"level":"info","message":"Service Method Invoke","timestamp":"2020-03-30T17:34:25.414Z"}
{"serviceMethodName":"getUsers","serviceMethodArguments":[],"level":"info","message":"Service Method Invoke","timestamp":"2020-03-31T05:24:56.597Z"}
{"serviceMethodName":"getUsers","serviceMethodArguments":[],"level":"info","message":"Service Method Invoke","timestamp":"2020-03-31T05:43:44.439Z"}
{"serviceMethodName":"getUsers","serviceMethodArguments":[],"level":"info","message":"Service Method Invoke","timestamp":"2020-03-31T05:44:31.415Z"}
{"serviceMethodName":"getUsers","serviceMethodArguments":[],"level":"info","message":"Service Method Invoke","timestamp":"2020-03-31T05:45:13.366Z"}
{"serviceMethodName":"getUsers","serviceMethodArguments":[],"level":"info","message":"Service Method Invoke","timestamp":"2020-03-31T05:45:16.460Z"}
{"serviceMethodName":"getUsers","serviceMethodArguments":[],"level":"info","message":"Service Method Invoke","timestamp":"2020-03-31T05:46:11.085Z"}
{"serviceMethodName":"getUsers","serviceMethodArguments":[],"level":"info","message":"Service Method Invoke","timestamp":"2020-03-31T05:46:50.310Z"}
{"serviceMethodName":"getUsers","serviceMethodArguments":[],"level":"info","message":"Service Method Invoke","timestamp":"2020-03-31T05:52:03.925Z"}
{"serviceMethodName":"getUser","serviceMethodArguments":["cb2a02d3-8e7f-4d15-93f9-21f30c676f01"],"level":"info","message":"Service Method Invoke","timestamp":"2020-03-31T05:52:29.969Z"}
{"serviceMethodName":"getUsers","serviceMethodArguments":[],"level":"info","message":"Service Method Invoke","timestamp":"2020-03-31T05:57:54.240Z"}
{"serviceMethodName":"getUsers","serviceMethodArguments":[],"level":"info","message":"Service Method Invoke","timestamp":"2020-03-31T05:57:59.834Z"}
{"serviceMethodName":"getUser","serviceMethodArguments":["cb2a02d3-8e7f-4d15-93f9-21f30c676f01"],"level":"info","message":"Service Method Invoke","timestamp":"2020-03-31T05:58:02.101Z"}
{"serviceMethodName":"getUsers","serviceMethodArguments":[],"level":"info","message":"Service Method Invoke","timestamp":"2020-03-31T05:58:08.402Z"}
{"serviceMethodName":"getUsers","serviceMethodArguments":[],"level":"info","message":"Service Method Invoke","timestamp":"2020-03-31T05:58:17.654Z"}
{"serviceMethodName":"getUsers","serviceMethodArguments":[],"level":"info","message":"Service Method Invoke","timestamp":"2020-03-31T06:00:37.779Z"}
{"serviceMethodName":"getUser","serviceMethodArguments":["undefined"],"level":"info","message":"Service Method Invoke","timestamp":"2020-03-31T06:00:40.795Z"}
{"serviceMethodName":"getUsers","serviceMethodArguments":[],"level":"info","message":"Service Method Invoke","timestamp":"2020-03-31T06:01:44.731Z"}
{"serviceMethodName":"getUser","serviceMethodArguments":["undefined"],"level":"info","message":"Service Method Invoke","timestamp":"2020-03-31T06:01:57.458Z"}
{"serviceMethodName":"getUser","serviceMethodArguments":["undefined"],"level":"info","message":"Service Method Invoke","timestamp":"2020-03-31T06:02:26.727Z"}
{"serviceMethodName":"getUser","serviceMethodArguments":["undefined"],"level":"info","message":"Service Method Invoke","timestamp":"2020-03-31T06:02:30.960Z"}
{"serviceMethodName":"getUser","serviceMethodArguments":["undefined"],"level":"info","message":"Service Method Invoke","timestamp":"2020-03-31T06:02:31.269Z"}
{"serviceMethodName":"getUsers","serviceMethodArguments":[],"level":"info","message":"Service Method Invoke","timestamp":"2020-03-31T06:10:36.028Z"}
{"serviceMethodName":"getUsers","serviceMethodArguments":[],"level":"info","message":"Service Method Invoke","timestamp":"2020-03-31T06:11:04.152Z"}
{"serviceMethodName":"getUser","serviceMethodArguments":["undefined"],"level":"info","message":"Service Method Invoke","timestamp":"2020-03-31T06:11:18.609Z"}
{"serviceMethodName":"getUser","serviceMethodArguments":["undefined"],"level":"info","message":"Service Method Invoke","timestamp":"2020-03-31T06:11:45.717Z"}
{"serviceMethodName":"getUser","serviceMethodArguments":["undefined"],"level":"info","message":"Service Method Invoke","timestamp":"2020-03-31T06:11:46.355Z"}
{"serviceMethodName":"getUsers","serviceMethodArguments":[],"level":"info","message":"Service Method Invoke","timestamp":"2020-03-31T06:20:18.479Z"}
{"serviceMethodName":"getUsers","serviceMethodArguments":[],"level":"info","message":"Service Method Invoke","timestamp":"2020-03-31T06:20:22.637Z"}
{"serviceMethodName":"getUsers","serviceMethodArguments":[],"level":"info","message":"Service Method Invoke","timestamp":"2020-03-31T06:20:28.268Z"}
{"serviceMethodName":"getUsers","serviceMethodArguments":[],"level":"info","message":"Service Method Invoke","timestamp":"2020-03-31T06:20:43.936Z"}
{"serviceMethodName":"getUser","serviceMethodArguments":["undefined"],"level":"info","message":"Service Method Invoke","timestamp":"2020-03-31T06:20:49.212Z"}
{"serviceMethodName":"getUser","serviceMethodArguments":["undefined"],"level":"info","message":"Service Method Invoke","timestamp":"2020-03-31T06:22:49.217Z"}
{"serviceMethodName":"getUsers","serviceMethodArguments":[],"level":"info","message":"Service Method Invoke","timestamp":"2020-03-31T06:23:20.693Z"}
{"serviceMethodName":"getUser","serviceMethodArguments":["undefined"],"level":"info","message":"Service Method Invoke","timestamp":"2020-03-31T06:23:25.662Z"}
{"serviceMethodName":"getUser","serviceMethodArguments":["undefined"],"level":"info","message":"Service Method Invoke","timestamp":"2020-03-31T06:23:55.170Z"}
{"serviceMethodName":"getUser","serviceMethodArguments":["cb2a02d3-8e7f-4d15-93f9-21f30c676f01"],"level":"info","message":"Service Method Invoke","timestamp":"2020-03-31T06:24:06.288Z"}
{"serviceMethodName":"getUser","serviceMethodArguments":["undefined"],"level":"info","message":"Service Method Invoke","timestamp":"2020-03-31T06:24:32.015Z"}
{"serviceMethodName":"getUser","serviceMethodArguments":["undefined"],"level":"info","message":"Service Method Invoke","timestamp":"2020-03-31T06:24:32.432Z"}
{"serviceMethodName":"getUser","serviceMethodArguments":["undefined"],"level":"info","message":"Service Method Invoke","timestamp":"2020-03-31T06:24:32.717Z"}
{"serviceMethodName":"getUser","serviceMethodArguments":["undefined"],"level":"info","message":"Service Method Invoke","timestamp":"2020-03-31T06:24:32.941Z"}
{"serviceMethodName":"getUser","serviceMethodArguments":["undefined"],"level":"info","message":"Service Method Invoke","timestamp":"2020-03-31T06:25:25.666Z"}
{"serviceMethodName":"getUser","serviceMethodArguments":["undefined"],"level":"info","message":"Service Method Invoke","timestamp":"2020-03-31T06:25:55.185Z"}
{"serviceMethodName":"getUser","serviceMethodArguments":["undefined"],"level":"info","message":"Service Method Invoke","timestamp":"2020-03-31T06:26:32.024Z"}
{"serviceMethodName":"getUser","serviceMethodArguments":["undefined"],"level":"info","message":"Service Method Invoke","timestamp":"2020-03-31T06:26:32.441Z"}
{"serviceMethodName":"getUser","serviceMethodArguments":["undefined"],"level":"info","message":"Service Method Invoke","timestamp":"2020-03-31T06:26:32.722Z"}
{"serviceMethodName":"getUser","serviceMethodArguments":["undefined"],"level":"info","message":"Service Method Invoke","timestamp":"2020-03-31T06:26:32.961Z"}
{"serviceMethodName":"getUser","serviceMethodArguments":["undefined"],"level":"info","message":"Service Method Invoke","timestamp":"2020-03-31T06:27:14.898Z"}
{"serviceMethodName":"getUsers","serviceMethodArguments":[],"level":"info","message":"Service Method Invoke","timestamp":"2020-03-31T06:36:42.098Z"}
{"serviceMethodName":"getUser","serviceMethodArguments":["id"],"level":"info","message":"Service Method Invoke","timestamp":"2020-03-31T06:36:45.146Z"}
{"serviceMethodName":"getUser","serviceMethodArguments":["id"],"level":"info","message":"Service Method Invoke","timestamp":"2020-03-31T06:38:10.205Z"}
{"serviceMethodName":"getUser","serviceMethodArguments":["id"],"level":"info","message":"Service Method Invoke","timestamp":"2020-03-31T06:38:13.634Z"}
{"serviceMethodName":"getUsers","serviceMethodArguments":[],"level":"info","message":"Service Method Invoke","timestamp":"2020-03-31T06:38:24.528Z"}
{"serviceMethodName":"getUser","serviceMethodArguments":["id"],"level":"info","message":"Service Method Invoke","timestamp":"2020-03-31T06:38:58.366Z"}
{"serviceMethodName":"getUsers","serviceMethodArguments":[],"level":"info","message":"Service Method Invoke","timestamp":"2020-03-31T06:39:00.064Z"}
{"serviceMethodName":"getUser","serviceMethodArguments":["id"],"level":"info","message":"Service Method Invoke","timestamp":"2020-03-31T06:39:33.842Z"}
{"serviceMethodName":"getUser","serviceMethodArguments":["id"],"level":"info","message":"Service Method Invoke","timestamp":"2020-03-31T06:42:16.406Z"}
{"serviceMethodName":"getUsers","serviceMethodArguments":[],"level":"info","message":"Service Method Invoke","timestamp":"2020-03-31T06:42:21.215Z"}
{"serviceMethodName":"getUser","serviceMethodArguments":["id"],"level":"info","message":"Service Method Invoke","timestamp":"2020-03-31T06:46:52.167Z"}
{"serviceMethodName":"getUsers","serviceMethodArguments":[],"level":"info","message":"Service Method Invoke","timestamp":"2020-03-31T06:52:06.224Z"}
{"serviceMethodName":"getUser","serviceMethodArguments":["id"],"level":"info","message":"Service Method Invoke","timestamp":"2020-03-31T06:52:12.005Z"}
{"serviceMethodName":"getUsers","serviceMethodArguments":[],"level":"info","message":"Service Method Invoke","timestamp":"2020-03-31T06:52:49.523Z"}
{"serviceMethodName":"getUser","serviceMethodArguments":["id"],"level":"info","message":"Service Method Invoke","timestamp":"2020-03-31T06:52:52.302Z"}
{"serviceMethodName":"getUsers","serviceMethodArguments":[],"level":"info","message":"Service Method Invoke","timestamp":"2020-03-31T06:52:54.467Z"}
{"serviceMethodName":"getUser","serviceMethodArguments":["id"],"level":"info","message":"Service Method Invoke","timestamp":"2020-03-31T06:54:52.322Z"}
{"serviceMethodName":"getUser","serviceMethodArguments":["id"],"level":"info","message":"Service Method Invoke","timestamp":"2020-03-31T06:55:25.263Z"}
{"serviceMethodName":"getUser","serviceMethodArguments":["id"],"level":"info","message":"Service Method Invoke","timestamp":"2020-03-31T06:55:35.345Z"}
{"serviceMethodName":"getUsers","serviceMethodArguments":[],"level":"info","message":"Service Method Invoke","timestamp":"2020-03-31T06:55:44.600Z"}
{"serviceMethodName":"getUser","serviceMethodArguments":["id"],"level":"info","message":"Service Method Invoke","timestamp":"2020-03-31T06:55:46.212Z"}
{"serviceMethodName":"getUser","serviceMethodArguments":["id"],"level":"info","message":"Service Method Invoke","timestamp":"2020-03-31T06:56:37.374Z"}
{"serviceMethodName":"getUser","serviceMethodArguments":["id"],"level":"info","message":"Service Method Invoke","timestamp":"2020-03-31T06:56:43.775Z"}
{"serviceMethodName":"getUsers","serviceMethodArguments":[],"level":"info","message":"Service Method Invoke","timestamp":"2020-03-31T06:56:51.093Z"}
{"serviceMethodName":"getUser","serviceMethodArguments":["id"],"level":"info","message":"Service Method Invoke","timestamp":"2020-03-31T06:56:52.658Z"}
{"serviceMethodName":"getUser","serviceMethodArguments":["id"],"level":"info","message":"Service Method Invoke","timestamp":"2020-03-31T06:58:52.671Z"}
{"serviceMethodName":"getUser","serviceMethodArguments":["id"],"level":"info","message":"Service Method Invoke","timestamp":"2020-03-31T07:01:59.605Z"}
{"serviceMethodName":"getUsers","serviceMethodArguments":[],"level":"info","message":"Service Method Invoke","timestamp":"2020-03-31T07:02:10.002Z"}
{"serviceMethodName":"getUser","serviceMethodArguments":["id"],"level":"info","message":"Service Method Invoke","timestamp":"2020-03-31T07:02:39.008Z"}
{"serviceMethodName":"getUsers","serviceMethodArguments":[],"level":"info","message":"Service Method Invoke","timestamp":"2020-03-31T07:04:03.613Z"}
{"serviceMethodName":"getUsers","serviceMethodArguments":[],"level":"info","message":"Service Method Invoke","timestamp":"2020-03-31T07:04:19.155Z"}
{"serviceMethodName":"getUsers","serviceMethodArguments":[],"level":"info","message":"Service Method Invoke","timestamp":"2020-03-31T07:04:51.405Z"}
{"serviceMethodName":"getUser","serviceMethodArguments":["cb2a02d3-8e7f-4d15-93f9-21f30c676f01"],"level":"info","message":"Service Method Invoke","timestamp":"2020-03-31T07:06:44.149Z"}
{"serviceMethodName":"getUsers","serviceMethodArguments":[],"level":"info","message":"Service Method Invoke","timestamp":"2020-03-31T07:07:03.009Z"}
{"serviceMethodName":"getUser","serviceMethodArguments":["cb2a02d3-8e7f-4d15-93f9-21f30c676f01"],"level":"info","message":"Service Method Invoke","timestamp":"2020-03-31T07:07:14.452Z"}
{"serviceMethodName":"getUser","serviceMethodArguments":["57848562-93fc-4d28-b275-d396864f9f03"],"level":"info","message":"Service Method Invoke","timestamp":"2020-03-31T07:07:22.339Z"}
{"serviceMethodName":"getUser","serviceMethodArguments":["57848562-93fc-4d28-b275-d396864f9f03"],"level":"info","message":"Service Method Invoke","timestamp":"2020-03-31T07:07:43.275Z"}
{"serviceMethodName":"getUsers","serviceMethodArguments":[],"level":"info","message":"Service Method Invoke","timestamp":"2020-03-31T07:07:47.657Z"}
{"serviceMethodName":"getUsers","serviceMethodArguments":[],"level":"info","message":"Service Method Invoke","timestamp":"2020-03-31T07:08:10.688Z"}
{"serviceMethodName":"getUsers","serviceMethodArguments":[],"level":"info","message":"Service Method Invoke","timestamp":"2020-03-31T07:08:30.499Z"}
{"serviceMethodName":"getUser","serviceMethodArguments":["cb2a02d3-8e7f-4d15-93f9-21f30c676f01"],"level":"info","message":"Service Method Invoke","timestamp":"2020-03-31T07:08:44.804Z"}
{"serviceMethodName":"getUser","serviceMethodArguments":["57848562-93fc-4d28-b275-d396864f9f03"],"level":"info","message":"Service Method Invoke","timestamp":"2020-03-31T07:08:52.322Z"}
{"serviceMethodName":"getUser","serviceMethodArguments":["57848562-93fc-4d28-b275-d396864f9f03"],"level":"info","message":"Service Method Invoke","timestamp":"2020-03-31T07:09:26.739Z"}
{"serviceMethodName":"getUsers","serviceMethodArguments":[],"level":"info","message":"Service Method Invoke","timestamp":"2020-03-31T07:09:42.221Z"}
{"serviceMethodName":"getUser","serviceMethodArguments":["cb2a02d3-8e7f-4d15-93f9-21f30c676f01"],"level":"info","message":"Service Method Invoke","timestamp":"2020-03-31T07:09:46.923Z"}
{"serviceMethodName":"getUser","serviceMethodArguments":["cb2a02d3-8e7f-4d15-93f9-21f30c676f01"],"level":"info","message":"Service Method Invoke","timestamp":"2020-03-31T07:10:46.388Z"}
{"serviceMethodName":"getUsers","serviceMethodArguments":[],"level":"info","message":"Service Method Invoke","timestamp":"2020-03-31T07:10:57.225Z"}
{"serviceMethodName":"getUser","serviceMethodArguments":["7f87c44b-fc29-4a1f-931d-e6a4494b5c71"],"level":"info","message":"Service Method Invoke","timestamp":"2020-03-31T07:11:04.448Z"}
{"serviceMethodName":"getUser","serviceMethodArguments":["8d121888-cfb9-469e-b834-681952785b62"],"level":"info","message":"Service Method Invoke","timestamp":"2020-03-31T07:17:42.540Z"}
{"serviceMethodName":"getUser","serviceMethodArguments":["8d121888-cfb9-469e-b834-681952785b62"],"level":"info","message":"Service Method Invoke","timestamp":"2020-03-31T07:18:13.214Z"}
{"serviceMethodName":"getUsers","serviceMethodArguments":[],"level":"info","message":"Service Method Invoke","timestamp":"2020-03-31T07:18:15.520Z"}
{"serviceMethodName":"getUsers","serviceMethodArguments":[],"level":"info","message":"Service Method Invoke","timestamp":"2020-03-31T07:18:28.288Z"}
{"serviceMethodName":"getUser","serviceMethodArguments":["cb2a02d3-8e7f-4d15-93f9-21f30c676f01"],"level":"info","message":"Service Method Invoke","timestamp":"2020-03-31T07:18:43.113Z"}
{"serviceMethodName":"getUsers","serviceMethodArguments":[],"level":"info","message":"Service Method Invoke","timestamp":"2020-03-31T07:23:04.694Z"}
{"serviceMethodName":"getUsers","serviceMethodArguments":[],"level":"info","message":"Service Method Invoke","timestamp":"2020-03-31T07:23:47.320Z"}
{"serviceMethodName":"getUser","serviceMethodArguments":["cb2a02d3-8e7f-4d15-93f9-21f30c676f01"],"level":"info","message":"Service Method Invoke","timestamp":"2020-03-31T07:24:00.040Z"}
{"serviceMethodName":"getUser","serviceMethodArguments":["8d121888-cfb9-469e-b834-681952785b62"],"level":"info","message":"Service Method Invoke","timestamp":"2020-03-31T07:24:12.479Z"}
{"serviceMethodName":"getUser","serviceMethodArguments":["8d121888-cfb9-469e-b834-681952785b62"],"level":"info","message":"Service Method Invoke","timestamp":"2020-03-31T07:24:25.644Z"}
{"serviceMethodName":"getUsers","serviceMethodArguments":[],"level":"info","message":"Service Method Invoke","timestamp":"2020-03-31T07:24:31.309Z"}
{"serviceMethodName":"getUser","serviceMethodArguments":["cb2a02d3-8e7f-4d15-93f9-21f30c676f01"],"level":"info","message":"Service Method Invoke","timestamp":"2020-03-31T07:24:32.702Z"}
{"serviceMethodName":"getUsers","serviceMethodArguments":[],"level":"info","message":"Service Method Invoke","timestamp":"2020-03-31T07:26:41.413Z"}
{"serviceMethodName":"getUsers","serviceMethodArguments":[],"level":"info","message":"Service Method Invoke","timestamp":"2020-03-31T07:26:50.397Z"}
{"serviceMethodName":"getUsers","serviceMethodArguments":[],"level":"info","message":"Service Method Invoke","timestamp":"2020-03-31T07:26:58.020Z"}
{"serviceMethodName":"getUsers","serviceMethodArguments":[],"level":"info","message":"Service Method Invoke","timestamp":"2020-03-31T07:30:56.957Z"}
{"serviceMethodName":"getUsers","serviceMethodArguments":[],"level":"info","message":"Service Method Invoke","timestamp":"2020-03-31T07:32:23.884Z"}
{"serviceMethodName":"getUser","serviceMethodArguments":["57848562-93fc-4d28-b275-d396864f9f03"],"level":"info","message":"Service Method Invoke","timestamp":"2020-03-31T07:32:28.420Z"}
{"serviceMethodName":"getUser","serviceMethodArguments":["7f87c44b-fc29-4a1f-931d-e6a4494b5c71"],"level":"info","message":"Service Method Invoke","timestamp":"2020-03-31T07:32:30.280Z"}
{"serviceMethodName":"getUser","serviceMethodArguments":["7f87c44b-fc29-4a1f-931d-e6a4494b5c71"],"level":"info","message":"Service Method Invoke","timestamp":"2020-03-31T07:33:01.948Z"}
{"serviceMethodName":"getUsers","serviceMethodArguments":[],"level":"info","message":"Service Method Invoke","timestamp":"2020-03-31T07:33:14.771Z"}
{"serviceMethodName":"getUser","serviceMethodArguments":["cb2a02d3-8e7f-4d15-93f9-21f30c676f01"],"level":"info","message":"Service Method Invoke","timestamp":"2020-03-31T07:33:18.123Z"}
{"serviceMethodName":"getUser","serviceMethodArguments":["57848562-93fc-4d28-b275-d396864f9f03"],"level":"info","message":"Service Method Invoke","timestamp":"2020-03-31T07:33:19.983Z"}
{"serviceMethodName":"getUser","serviceMethodArguments":["57848562-93fc-4d28-b275-d396864f9f03"],"level":"info","message":"Service Method Invoke","timestamp":"2020-03-31T07:49:25.262Z"}
{"serviceMethodName":"getUser","serviceMethodArguments":["57848562-93fc-4d28-b275-d396864f9f03"],"level":"info","message":"Service Method Invoke","timestamp":"2020-03-31T07:50:59.270Z"}
{"serviceMethodName":"getUser","serviceMethodArguments":["57848562-93fc-4d28-b275-d396864f9f03"],"level":"info","message":"Service Method Invoke","timestamp":"2020-03-31T07:51:08.016Z"}
{"serviceMethodName":"getUsers","serviceMethodArguments":[],"level":"info","message":"Service Method Invoke","timestamp":"2020-03-31T07:55:41.049Z"}
{"serviceMethodName":"getUsers","serviceMethodArguments":[],"level":"info","message":"Service Method Invoke","timestamp":"2020-03-31T08:29:24.004Z"}
{"serviceMethodName":"getUser","serviceMethodArguments":["cb2a02d3-8e7f-4d15-93f9-21f30c676f01"],"level":"info","message":"Service Method Invoke","timestamp":"2020-03-31T08:29:33.000Z"}
{"serviceMethodName":"getUser","serviceMethodArguments":["57848562-93fc-4d28-b275-d396864f9f03"],"level":"info","message":"Service Method Invoke","timestamp":"2020-03-31T08:29:44.401Z"}
{"serviceMethodName":"getUser","serviceMethodArguments":["01014372-6aab-4361-95f0-23eddfa6a5a0"],"level":"info","message":"Service Method Invoke","timestamp":"2020-03-31T08:29:50.684Z"}
{"serviceMethodName":"getUser","serviceMethodArguments":["cb2a02d3-8e7f-4d15-93f9-21f30c676f01"],"level":"info","message":"Service Method Invoke","timestamp":"2020-03-31T08:31:22.227Z"}
{"serviceMethodName":"getUsers","serviceMethodArguments":[],"level":"info","message":"Service Method Invoke","timestamp":"2020-03-31T08:43:30.099Z"}
{"serviceMethodName":"getUsers","serviceMethodArguments":[],"level":"info","message":"Service Method Invoke","timestamp":"2020-03-31T15:10:29.831Z"}
{"serviceMethodName":"getUser","serviceMethodArguments":["e8cba919-6c4b-4632-a1e4-6704772b16fb"],"level":"info","message":"Service Method Invoke","timestamp":"2020-03-31T15:10:33.989Z"}
{"serviceMethodName":"getUser","serviceMethodArguments":["666c17bf-a971-49a4-ae0c-38407962037a"],"level":"info","message":"Service Method Invoke","timestamp":"2020-03-31T15:10:35.836Z"}
{"serviceMethodName":"getUsers","serviceMethodArguments":[],"level":"info","message":"Service Method Invoke","timestamp":"2020-03-31T15:11:30.865Z"}
{"serviceMethodName":"getUsers","serviceMethodArguments":[],"level":"info","message":"Service Method Invoke","timestamp":"2020-04-01T13:13:48.681Z"}
{"serviceMethodName":"getUsers","serviceMethodArguments":[],"level":"info","message":"Service Method Invoke","timestamp":"2020-04-01T13:14:04.394Z"}
{"serviceMethodName":"getUser","serviceMethodArguments":["cc237984-94b4-47c5-a31b-52f027bf6745"],"level":"info","message":"Service Method Invoke","timestamp":"2020-04-01T13:14:33.366Z"}
{"serviceMethodName":"getUser","serviceMethodArguments":["207ad415-1ee2-4edf-bf54-81f7639ab603"],"level":"info","message":"Service Method Invoke","timestamp":"2020-04-01T13:14:36.867Z"}
{"serviceMethodName":"getUser","serviceMethodArguments":["d88b5a1e-2d93-469d-8564-12aff0696146"],"level":"info","message":"Service Method Invoke","timestamp":"2020-04-01T13:14:39.604Z"}
{"serviceMethodName":"getUser","serviceMethodArguments":["eb4f0cf5-1005-42e6-960a-960c63111a5f"],"level":"info","message":"Service Method Invoke","timestamp":"2020-04-01T13:14:54.030Z"}
{"serviceMethodName":"getUser","serviceMethodArguments":["eb4f0cf5-1005-42e6-960a-960c63111a5f"],"level":"info","message":"Service Method Invoke","timestamp":"2020-04-01T13:18:23.546Z"}
{"serviceMethodName":"getUsers","serviceMethodArguments":[],"level":"info","message":"Service Method Invoke","timestamp":"2020-04-01T13:19:35.102Z"}
{"serviceMethodName":"getUser","serviceMethodArguments":["eb4f0cf5-1005-42e6-960a-960c63111a5f"],"level":"info","message":"Service Method Invoke","timestamp":"2020-04-01T13:29:08.389Z"}
{"serviceMethodName":"addUser","serviceMethodArguments":[{"firstName":"epam","lastName":"Systems","login":"epam","age":12,"password":"Password9"}],"level":"info","message":"Service Method Invoke","timestamp":"2020-04-01T13:38:02.027Z"}
{"serviceMethodName":"getUsers","serviceMethodArguments":[],"level":"info","message":"Service Method Invoke","timestamp":"2020-04-01T13:38:13.313Z"}
{"serviceMethodName":"getUser","serviceMethodArguments":["5cefca1f-76a6-47f8-b7dc-94297656f559"],"level":"info","message":"Service Method Invoke","timestamp":"2020-04-01T13:38:19.500Z"}
{"serviceMethodName":"getUser","serviceMethodArguments":["5cefca1f-76a6-47f8-b7dc-94297656f559"],"level":"info","message":"Service Method Invoke","timestamp":"2020-04-01T13:42:37.873Z"}
{"serviceMethodName":"getUsers","serviceMethodArguments":[],"level":"info","message":"Service Method Invoke","timestamp":"2020-04-01T13:42:46.647Z"}
{"serviceMethodName":"getUser","serviceMethodArguments":["b187371b-d091-4c77-a8a3-62cfe7c87dc8"],"level":"info","message":"Service Method Invoke","timestamp":"2020-04-01T13:43:00.588Z"}
{"serviceMethodName":"getUser","serviceMethodArguments":["5cefca1f-76a6-47f8-b7dc-94297656f559"],"level":"info","message":"Service Method Invoke","timestamp":"2020-04-01T13:43:02.656Z"}
{"serviceMethodName":"getUser","serviceMethodArguments":["5cefca1f-76a6-47f8-b7dc-94297656f559"],"level":"info","message":"Service Method Invoke","timestamp":"2020-04-01T13:46:57.975Z"}
{"serviceMethodName":"getUser","serviceMethodArguments":["5cefca1f-76a6-47f8-b7dc-94297656f559"],"level":"info","message":"Service Method Invoke","timestamp":"2020-04-01T13:47:13.878Z"}
{"serviceMethodName":"getUsers","serviceMethodArguments":[],"level":"info","message":"Service Method Invoke","timestamp":"2020-04-01T14:09:39.165Z"}
{"serviceMethodName":"getUser","serviceMethodArguments":["cc237984-94b4-47c5-a31b-52f027bf6745"],"level":"info","message":"Service Method Invoke","timestamp":"2020-04-01T14:09:43.948Z"}
{"serviceMethodName":"getUser","serviceMethodArguments":["b187371b-d091-4c77-a8a3-62cfe7c87dc8"],"level":"info","message":"Service Method Invoke","timestamp":"2020-04-01T14:09:45.921Z"}
{"serviceMethodName":"getUser","serviceMethodArguments":["b187371b-d091-4c77-a8a3-62cfe7c87dc8"],"level":"info","message":"Service Method Invoke","timestamp":"2020-04-01T14:11:25.874Z"}
{"serviceMethodName":"getUsers","serviceMethodArguments":[],"level":"info","message":"Service Method Invoke","timestamp":"2020-04-01T14:38:07.894Z"}
{"serviceMethodName":"getUsers","serviceMethodArguments":[],"level":"info","message":"Service Method Invoke","timestamp":"2020-04-01T14:52:29.854Z"}
{"serviceMethodName":"getUser","serviceMethodArguments":["5cefca1f-76a6-47f8-b7dc-94297656f559"],"level":"info","message":"Service Method Invoke","timestamp":"2020-04-01T14:52:41.279Z"}
{"serviceMethodName":"getUsers","serviceMethodArguments":[],"level":"info","message":"Service Method Invoke","timestamp":"2020-04-01T14:58:16.604Z"}
{"serviceMethodName":"addUser","serviceMethodArguments":[{"firstName":"laaalala","lastName":"doremon","login":"doremonlala","age":16,"password":"Password10"}],"level":"info","message":"Service Method Invoke","timestamp":"2020-04-01T14:59:27.047Z"}
{"serviceMethodName":"getUsers","serviceMethodArguments":[],"level":"info","message":"Service Method Invoke","timestamp":"2020-04-01T14:59:32.842Z"}
{"serviceMethodName":"getUsers","serviceMethodArguments":[],"level":"info","message":"Service Method Invoke","timestamp":"2020-04-01T15:00:04.389Z"}
{"serviceMethodName":"addUser","serviceMethodArguments":[{"firstName":"laaalala","lastName":"doremon","login":"doremonlala","age":16,"password":"Password10"}],"level":"info","message":"Service Method Invoke","timestamp":"2020-04-01T15:00:11.252Z"}
{"serviceMethodName":"addUser","serviceMethodArguments":[{"firstName":"laaalala","lastName":"doremon","login":"doremonlala","age":16,"password":"Password14"}],"level":"info","message":"Service Method Invoke","timestamp":"2020-04-01T15:00:23.700Z"}
{"serviceMethodName":"addUser","serviceMethodArguments":[{"firstName":"laaalala","lastName":"doremon","login":"doremon","age":16,"password":"Password14"}],"level":"info","message":"Service Method Invoke","timestamp":"2020-04-01T15:00:52.132Z"}
{"serviceMethodName":"getUsers","serviceMethodArguments":[],"level":"info","message":"Service Method Invoke","timestamp":"2020-04-01T15:01:09.595Z"}
{"serviceMethodName":"getUsers","serviceMethodArguments":[],"level":"info","message":"Service Method Invoke","timestamp":"2020-04-01T15:09:32.020Z"}
{"serviceMethodName":"getUsers","serviceMethodArguments":[],"level":"info","message":"Service Method Invoke","timestamp":"2020-04-01T15:10:07.098Z"}
{"serviceMethodName":"getUsers","serviceMethodArguments":[],"level":"info","message":"Service Method Invoke","timestamp":"2020-04-01T15:16:35.479Z"}
{"serviceMethodName":"getUsers","serviceMethodArguments":[],"level":"info","message":"Service Method Invoke","timestamp":"2020-04-01T15:16:55.143Z"}
{"serviceMethodName":"getUsers","serviceMethodArguments":[],"level":"info","message":"Service Method Invoke","timestamp":"2020-04-01T15:17:00.001Z"}
{"serviceMethodName":"getUsers","serviceMethodArguments":[],"level":"info","message":"Service Method Invoke","timestamp":"2020-04-01T15:17:06.222Z"}
{"serviceMethodName":"getUsers","serviceMethodArguments":[],"level":"info","message":"Service Method Invoke","timestamp":"2020-04-01T15:17:07.229Z"}
{"serviceMethodName":"getUsers","serviceMethodArguments":[],"level":"info","message":"Service Method Invoke","timestamp":"2020-04-01T15:17:12.103Z"}
{"serviceMethodName":"getUsers","serviceMethodArguments":[],"level":"info","message":"Service Method Invoke","timestamp":"2020-04-01T15:17:20.451Z"}
{"serviceMethodName":"getUsers","serviceMethodArguments":[],"level":"info","message":"Service Method Invoke","timestamp":"2020-04-01T15:17:21.485Z"}
{"serviceMethodName":"getUsers","serviceMethodArguments":[],"level":"info","message":"Service Method Invoke","timestamp":"2020-04-01T15:17:24.270Z"}
{"serviceMethodName":"getUsers","serviceMethodArguments":[],"level":"info","message":"Service Method Invoke","timestamp":"2020-04-01T15:17:25.254Z"}
{"serviceMethodName":"getUsers","serviceMethodArguments":[],"level":"info","message":"Service Method Invoke","timestamp":"2020-04-01T15:23:06.850Z"}
{"serviceMethodName":"getUsers","serviceMethodArguments":[],"level":"info","message":"Service Method Invoke","timestamp":"2020-04-01T15:23:27.866Z"}
{"serviceMethodName":"getUsers","serviceMethodArguments":[],"level":"info","message":"Service Method Invoke","timestamp":"2020-04-01T15:23:38.750Z"}
{"serviceMethodName":"editUser","serviceMethodArguments":["undefined",{"isDeleted":true}],"level":"info","message":"Service Method Invoke","timestamp":"2020-04-01T15:23:42.728Z"}
{"serviceMethodName":"getUsers","serviceMethodArguments":[],"level":"info","message":"Service Method Invoke","timestamp":"2020-04-01T15:23:58.801Z"}
{"serviceMethodName":"editUser","serviceMethodArguments":["undefined",{"isDeleted":true}],"level":"info","message":"Service Method Invoke","timestamp":"2020-04-01T15:24:04.624Z"}
{"serviceMethodName":"editUser","serviceMethodArguments":["undefined",{"isDeleted":true}],"level":"info","message":"Service Method Invoke","timestamp":"2020-04-01T15:24:16.802Z"}
{"serviceMethodName":"editUser","serviceMethodArguments":["undefined",{"isDeleted":true}],"level":"info","message":"Service Method Invoke","timestamp":"2020-04-01T15:24:17.031Z"}
{"serviceMethodName":"editUser","serviceMethodArguments":["undefined",{"isDeleted":true}],"level":"info","message":"Service Method Invoke","timestamp":"2020-04-01T15:24:17.343Z"}
{"serviceMethodName":"getUsers","serviceMethodArguments":[],"level":"info","message":"Service Method Invoke","timestamp":"2020-04-01T15:24:23.127Z"}
{"serviceMethodName":"getUsers","serviceMethodArguments":[],"level":"info","message":"Service Method Invoke","timestamp":"2020-04-01T15:24:35.528Z"}
{"serviceMethodName":"editUser","serviceMethodArguments":["undefined",{"isDeleted":true}],"level":"info","message":"Service Method Invoke","timestamp":"2020-04-01T15:24:39.632Z"}
{"serviceMethodName":"getUsers","serviceMethodArguments":[],"level":"info","message":"Service Method Invoke","timestamp":"2020-04-01T15:25:36.936Z"}
{"serviceMethodName":"editUser","serviceMethodArguments":["undefined",{"isDeleted":false}],"level":"info","message":"Service Method Invoke","timestamp":"2020-04-01T15:25:40.576Z"}
{"serviceMethodName":"getUsers","serviceMethodArguments":[],"level":"info","message":"Service Method Invoke","timestamp":"2020-04-01T15:25:48.134Z"}
{"serviceMethodName":"getUsers","serviceMethodArguments":[],"level":"info","message":"Service Method Invoke","timestamp":"2020-04-01T15:25:52.304Z"}
{"serviceMethodName":"getUsers","serviceMethodArguments":[],"level":"info","message":"Service Method Invoke","timestamp":"2020-04-01T15:25:57.255Z"}
{"serviceMethodName":"getUsers","serviceMethodArguments":[],"level":"info","message":"Service Method Invoke","timestamp":"2020-04-01T15:26:03.883Z"}
{"serviceMethodName":"getUsers","serviceMethodArguments":[],"level":"info","message":"Service Method Invoke","timestamp":"2020-04-01T15:27:11.306Z"}
{"serviceMethodName":"editUser","serviceMethodArguments":["undefined",{"isDeleted":false}],"level":"info","message":"Service Method Invoke","timestamp":"2020-04-01T15:27:15.368Z"}
{"serviceMethodName":"getUsers","serviceMethodArguments":[],"level":"info","message":"Service Method Invoke","timestamp":"2020-04-01T15:28:16.659Z"}
{"serviceMethodName":"editUser","serviceMethodArguments":["undefined",{"isDeleted":true}],"level":"info","message":"Service Method Invoke","timestamp":"2020-04-01T15:28:23.209Z"}
{"serviceMethodName":"getUsers","serviceMethodArguments":[],"level":"info","message":"Service Method Invoke","timestamp":"2020-04-01T15:28:32.833Z"}
{"serviceMethodName":"getUsers","serviceMethodArguments":[],"level":"info","message":"Service Method Invoke","timestamp":"2020-04-01T15:28:37.062Z"}
{"serviceMethodName":"getUsers","serviceMethodArguments":[],"level":"info","message":"Service Method Invoke","timestamp":"2020-04-01T15:28:40.547Z"}
{"serviceMethodName":"getUsers","serviceMethodArguments":[],"level":"info","message":"Service Method Invoke","timestamp":"2020-04-01T15:36:14.144Z"}
{"serviceMethodName":"getUsers","serviceMethodArguments":[],"level":"info","message":"Service Method Invoke","timestamp":"2020-04-01T15:36:24.159Z"}
{"serviceMethodName":"getUsers","serviceMethodArguments":[],"level":"info","message":"Service Method Invoke","timestamp":"2020-04-01T15:36:30.840Z"}
{"serviceMethodName":"editUser","serviceMethodArguments":["0a7f18c2-dca7-4986-9e92-adc25b36a3af",{"isDeleted":true}],"level":"info","message":"Service Method Invoke","timestamp":"2020-04-01T15:36:33.399Z"}
{"serviceMethodName":"getUsers","serviceMethodArguments":[],"level":"info","message":"Service Method Invoke","timestamp":"2020-04-01T15:36:40.724Z"}
{"serviceMethodName":"getUsers","serviceMethodArguments":[],"level":"info","message":"Service Method Invoke","timestamp":"2020-04-01T15:36:44.595Z"}
{"serviceMethodName":"getUsers","serviceMethodArguments":[],"level":"info","message":"Service Method Invoke","timestamp":"2020-04-01T15:39:08.943Z"}
{"serviceMethodName":"getUsers","serviceMethodArguments":[],"level":"info","message":"Service Method Invoke","timestamp":"2020-04-01T15:39:35.964Z"}
{"serviceMethodName":"editUser","serviceMethodArguments":["0a7f18c2-dca7-4986-9e92-adc25b36a3af",{"isDeleted":false}],"level":"info","message":"Service Method Invoke","timestamp":"2020-04-01T15:39:45.269Z"}
{"serviceMethodName":"getUsers","serviceMethodArguments":[],"level":"info","message":"Service Method Invoke","timestamp":"2020-04-01T15:39:49.152Z"}
{"serviceMethodName":"getUsers","serviceMethodArguments":[],"level":"info","message":"Service Method Invoke","timestamp":"2020-04-01T15:39:51.229Z"}
{"serviceMethodName":"editUser","serviceMethodArguments":["0a7f18c2-dca7-4986-9e92-adc25b36a3af",{"isDeleted":true}],"level":"info","message":"Service Method Invoke","timestamp":"2020-04-01T15:39:57.815Z"}
{"serviceMethodName":"getUsers","serviceMethodArguments":[],"level":"info","message":"Service Method Invoke","timestamp":"2020-04-01T15:40:00.827Z"}
{"serviceMethodName":"getUsers","serviceMethodArguments":[],"level":"info","message":"Service Method Invoke","timestamp":"2020-04-01T15:40:04.123Z"}
{"serviceMethodName":"getUsers","serviceMethodArguments":[],"level":"info","message":"Service Method Invoke","timestamp":"2020-04-01T15:40:11.779Z"}
{"serviceMethodName":"getUsers","serviceMethodArguments":[],"level":"info","message":"Service Method Invoke","timestamp":"2020-04-01T15:40:13.050Z"}
{"serviceMethodName":"getUsers","serviceMethodArguments":[],"level":"info","message":"Service Method Invoke","timestamp":"2020-04-01T15:41:42.053Z"}
{"serviceMethodName":"getUsers","serviceMethodArguments":[],"level":"info","message":"Service Method Invoke","timestamp":"2020-04-01T15:41:47.604Z"}
{"serviceMethodName":"getUsers","serviceMethodArguments":[],"level":"info","message":"Service Method Invoke","timestamp":"2020-04-02T06:27:19.925Z"}
{"serviceMethodName":"getUser","serviceMethodArguments":["f7efaedc-5787-4ccd-be83-d7d006265cd7"],"level":"info","message":"Service Method Invoke","timestamp":"2020-04-02T06:27:37.495Z"}
{"serviceMethodName":"getUser","serviceMethodArguments":["e14e7023-39a7-46fc-a39b-26e18f341a1a"],"level":"info","message":"Service Method Invoke","timestamp":"2020-04-02T06:27:44.285Z"}
{"serviceMethodName":"getUser","serviceMethodArguments":["c1466d89-62f7-4f3e-a994-7af8c7edd1b4"],"level":"info","message":"Service Method Invoke","timestamp":"2020-04-02T06:27:52.760Z"}
{"serviceMethodName":"getUsers","serviceMethodArguments":[],"level":"info","message":"Service Method Invoke","timestamp":"2020-04-02T06:28:04.403Z"}
{"serviceMethodName":"editUser","serviceMethodArguments":["e14e7023-39a7-46fc-a39b-26e18f341a1a",{"isDeleted":true}],"level":"info","message":"Service Method Invoke","timestamp":"2020-04-02T06:28:10.681Z"}
{"serviceMethodName":"getUsers","serviceMethodArguments":[],"level":"info","message":"Service Method Invoke","timestamp":"2020-04-02T06:28:14.177Z"}
{"serviceMethodName":"getUsers","serviceMethodArguments":[],"level":"info","message":"Service Method Invoke","timestamp":"2020-04-02T06:28:17.302Z"}
{"serviceMethodName":"editUser","serviceMethodArguments":["e14e7023-39a7-46fc-a39b-26e18f341a1a",{"isDeleted":false}],"level":"info","message":"Service Method Invoke","timestamp":"2020-04-02T06:28:23.896Z"}
{"serviceMethodName":"getUsers","serviceMethodArguments":[],"level":"info","message":"Service Method Invoke","timestamp":"2020-04-02T06:28:27.335Z"}
{"serviceMethodName":"getUsers","serviceMethodArguments":[],"level":"info","message":"Service Method Invoke","timestamp":"2020-04-02T06:28:30.139Z"}
{"serviceMethodName":"getUsers","serviceMethodArguments":[],"level":"info","message":"Service Method Invoke","timestamp":"2020-04-02T06:51:39.050Z"}
{"serviceMethodName":"getUser","serviceMethodArguments":["183fbd5c-23e6-4de4-a662-88ad2b2555eb"],"level":"info","message":"Service Method Invoke","timestamp":"2020-04-02T06:51:43.345Z"}
{"serviceMethodName":"getUser","serviceMethodArguments":["183fbd5c-23e6-4de4-a662-88ad2b2555eb"],"level":"info","message":"Service Method Invoke","timestamp":"2020-04-02T06:53:04.326Z"}
{"serviceMethodName":"getUsers","serviceMethodArguments":[],"level":"info","message":"Service Method Invoke","timestamp":"2020-04-02T06:53:06.306Z"}
{"serviceMethodName":"getUsers","serviceMethodArguments":[],"level":"info","message":"Service Method Invoke","timestamp":"2020-04-02T06:53:22.757Z"}
{"serviceMethodName":"getUsers","serviceMethodArguments":[],"level":"info","message":"Service Method Invoke","timestamp":"2020-04-02T07:39:01.593Z"}
{"serviceMethodName":"getUsers","serviceMethodArguments":[],"level":"info","message":"Service Method Invoke","timestamp":"2020-04-02T07:39:18.348Z"}
{"serviceMethodName":"getUsers","serviceMethodArguments":[],"level":"info","message":"Service Method Invoke","timestamp":"2020-04-02T07:39:26.149Z"}
{"serviceMethodName":"getUsers","serviceMethodArguments":[],"level":"info","message":"Service Method Invoke","timestamp":"2020-04-02T07:39:28.985Z"}
{"serviceMethodName":"getUsers","serviceMethodArguments":[],"level":"info","message":"Service Method Invoke","timestamp":"2020-04-02T07:39:31.385Z"}
{"serviceMethodName":"getUsers","serviceMethodArguments":[],"level":"info","message":"Service Method Invoke","timestamp":"2020-04-02T08:14:31.231Z"}
{"serviceMethodName":"getUsers","serviceMethodArguments":[],"level":"info","message":"Service Method Invoke","timestamp":"2020-04-02T08:14:39.463Z"}
{"serviceMethodName":"getUsers","serviceMethodArguments":[],"level":"info","message":"Service Method Invoke","timestamp":"2020-04-02T08:14:40.733Z"}
{"serviceMethodName":"getUsers","serviceMethodArguments":[],"level":"info","message":"Service Method Invoke","timestamp":"2020-04-02T08:14:43.616Z"}
{"serviceMethodName":"getUsers","serviceMethodArguments":[],"level":"info","message":"Service Method Invoke","timestamp":"2020-04-02T09:54:15.762Z"}
{"serviceMethodName":"getUser","serviceMethodArguments":["24346134-6b03-4262-9b7f-429bc775d7fa"],"level":"info","message":"Service Method Invoke","timestamp":"2020-04-02T09:54:34.818Z"}
{"serviceMethodName":"getUser","serviceMethodArguments":["24346134-6b03-4262-9b7f-429bc775d7fa"],"level":"info","message":"Service Method Invoke","timestamp":"2020-04-02T09:54:55.172Z"}
{"serviceMethodName":"getUser","serviceMethodArguments":["24346134-6b03-4262-9b7f-429bc775d7fa"],"level":"info","message":"Service Method Invoke","timestamp":"2020-04-02T09:55:14.111Z"}
{"serviceMethodName":"getUser","serviceMethodArguments":["24346134-6b03-4262-9b7f-429bc775d7fa"],"level":"info","message":"Service Method Invoke","timestamp":"2020-04-02T09:59:59.996Z"}
{"serviceMethodName":"getUsers","serviceMethodArguments":[],"level":"info","message":"Service Method Invoke","timestamp":"2020-04-02T10:01:09.010Z"}
{"serviceMethodName":"getUsers","serviceMethodArguments":[],"level":"info","message":"Service Method Invoke","timestamp":"2020-04-02T10:03:01.345Z"}
{"serviceMethodName":"getUser","serviceMethodArguments":["24346134-6b03-4262-9b7f-429bc775d7fa"],"level":"info","message":"Service Method Invoke","timestamp":"2020-04-02T10:03:04.312Z"}
{"serviceMethodName":"getUser","serviceMethodArguments":["291a6f65-85e5-44d7-9a3d-b6cdc0a79daa"],"level":"info","message":"Service Method Invoke","timestamp":"2020-04-02T10:03:16.447Z"}
{"serviceMethodName":"getUser","serviceMethodArguments":["291a6f65-85e5-44d7-9a3d-b6cdc0a79daa"],"level":"info","message":"Service Method Invoke","timestamp":"2020-04-02T10:09:05.627Z"}
{"serviceMethodName":"getUser","serviceMethodArguments":["291a6f65-85e5-44d7-9a3d-b6cdc0a79daa"],"level":"info","message":"Service Method Invoke","timestamp":"2020-04-02T10:09:47.581Z"}
{"serviceMethodName":"getUsers","serviceMethodArguments":[],"level":"info","message":"Service Method Invoke","timestamp":"2020-04-02T10:09:58.114Z"}
{"serviceMethodName":"getUser","serviceMethodArguments":["291a6f65-85e5-44d7-9a3d-b6cdc0a79daa"],"level":"info","message":"Service Method Invoke","timestamp":"2020-04-02T10:10:00.114Z"}
{"serviceMethodName":"getUsers","serviceMethodArguments":[],"level":"info","message":"Service Method Invoke","timestamp":"2020-04-02T10:10:04.327Z"}
{"serviceMethodName":"getUser","serviceMethodArguments":["24ed7598-73cb-44bc-95d4-c084f5274833"],"level":"info","message":"Service Method Invoke","timestamp":"2020-04-02T10:10:06.499Z"}
{"serviceMethodName":"getUser","serviceMethodArguments":["24346134-6b03-4262-9b7f-429bc775d7fa"],"level":"info","message":"Service Method Invoke","timestamp":"2020-04-02T10:10:14.513Z"}
{"serviceMethodName":"getUser","serviceMethodArguments":["24346134-6b03-4262-9b7f-429bc775d7fa"],"level":"info","message":"Service Method Invoke","timestamp":"2020-04-02T10:10:19.609Z"}
{"serviceMethodName":"getUsers","serviceMethodArguments":[],"level":"info","message":"Service Method Invoke","timestamp":"2020-04-02T10:10:30.653Z"}
{"serviceMethodName":"getUser","serviceMethodArguments":["a0088366-9f84-4666-a106-8118ecb8636f"],"level":"info","message":"Service Method Invoke","timestamp":"2020-04-02T10:10:36.364Z"}
{"serviceMethodName":"getUser","serviceMethodArguments":["24346134-6b03-4262-9b7f-429bc775d7fa"],"level":"info","message":"Service Method Invoke","timestamp":"2020-04-02T10:10:38.199Z"}
{"serviceMethodName":"getUser","serviceMethodArguments":["24ed7598-73cb-44bc-95d4-c084f5274833"],"level":"info","message":"Service Method Invoke","timestamp":"2020-04-02T10:10:40.006Z"}
{"serviceMethodName":"getUser","serviceMethodArguments":["291a6f65-85e5-44d7-9a3d-b6cdc0a79daa"],"level":"info","message":"Service Method Invoke","timestamp":"2020-04-02T10:10:41.498Z"}
{"serviceMethodName":"getUser","serviceMethodArguments":["291a6f65-85e5-44d7-9a3d-b6cdc0a79daa"],"level":"info","message":"Service Method Invoke","timestamp":"2020-04-02T10:10:43.076Z"}
{"serviceMethodName":"getUsers","serviceMethodArguments":[],"level":"info","message":"Service Method Invoke","timestamp":"2020-04-02T10:10:49.504Z"}
{"serviceMethodName":"getUser","serviceMethodArguments":["a0088366-9f84-4666-a106-8118ecb8636f"],"level":"info","message":"Service Method Invoke","timestamp":"2020-04-02T10:11:14.127Z"}
{"serviceMethodName":"getUser","serviceMethodArguments":["24346134-6b03-4262-9b7f-429bc775d7fa"],"level":"info","message":"Service Method Invoke","timestamp":"2020-04-02T10:11:33.146Z"}
{"serviceMethodName":"getUsers","serviceMethodArguments":[],"level":"info","message":"Service Method Invoke","timestamp":"2020-04-02T10:12:55.040Z"}
{"serviceMethodName":"getUsers","serviceMethodArguments":[],"level":"info","message":"Service Method Invoke","timestamp":"2020-04-02T10:15:41.127Z"}
{"serviceMethodName":"getUsers","serviceMethodArguments":[],"level":"info","message":"Service Method Invoke","timestamp":"2020-04-02T10:19:33.743Z"}
{"serviceMethodName":"getUsers","serviceMethodArguments":[],"level":"info","message":"Service Method Invoke","timestamp":"2020-04-02T10:20:55.517Z"}
{"serviceMethodName":"getUsers","serviceMethodArguments":[],"level":"info","message":"Service Method Invoke","timestamp":"2020-04-02T10:21:11.213Z"}
{"serviceMethodName":"getUsers","serviceMethodArguments":[],"level":"info","message":"Service Method Invoke","timestamp":"2020-04-02T10:21:15.517Z"}
{"serviceMethodName":"editUser","serviceMethodArguments":["a0088366-9f84-4666-a106-8118ecb8636f",{"isDeleted":false}],"level":"info","message":"Service Method Invoke","timestamp":"2020-04-02T10:21:20.438Z"}
{"serviceMethodName":"getUsers","serviceMethodArguments":[],"level":"info","message":"Service Method Invoke","timestamp":"2020-04-02T10:21:22.797Z"}
{"serviceMethodName":"getUsers","serviceMethodArguments":[],"level":"info","message":"Service Method Invoke","timestamp":"2020-04-02T10:21:24.793Z"}
{"serviceMethodName":"editUser","serviceMethodArguments":["24346134-6b03-4262-9b7f-429bc775d7fa",{"isDeleted":true}],"level":"info","message":"Service Method Invoke","timestamp":"2020-04-02T10:21:30.786Z"}
{"serviceMethodName":"editUser","serviceMethodArguments":["a0088366-9f84-4666-a106-8118ecb8636f",{"isDeleted":true}],"level":"info","message":"Service Method Invoke","timestamp":"2020-04-02T10:21:32.485Z"}
{"serviceMethodName":"getUsers","serviceMethodArguments":[],"level":"info","message":"Service Method Invoke","timestamp":"2020-04-02T10:21:34.653Z"}
{"serviceMethodName":"getUsers","serviceMethodArguments":[],"level":"info","message":"Service Method Invoke","timestamp":"2020-04-02T10:21:36.860Z"}
{"serviceMethodName":"getUsers","serviceMethodArguments":[],"level":"info","message":"Service Method Invoke","timestamp":"2020-04-02T10:21:40.804Z"}
{"serviceMethodName":"getUsers","serviceMethodArguments":[],"level":"info","message":"Service Method Invoke","timestamp":"2020-04-02T10:27:33.174Z"}
{"serviceMethodName":"getUsers","serviceMethodArguments":[],"level":"info","message":"Service Method Invoke","timestamp":"2020-04-02T10:50:22.680Z"}
{"serviceMethodName":"getUsers","serviceMethodArguments":[],"level":"info","message":"Service Method Invoke","timestamp":"2020-04-02T11:13:25.171Z"}
{"serviceMethodName":"getUser","serviceMethodArguments":["291a6f65-85e5-44d7-9a3d-b6cdc0a79daa"],"level":"info","message":"Service Method Invoke","timestamp":"2020-04-02T11:14:02.601Z"}
{"serviceMethodName":"getUser","serviceMethodArguments":["291a6f65-85e5-44d7-9a3d-b6cdc0a79daa"],"level":"info","message":"Service Method Invoke","timestamp":"2020-04-02T11:14:04.228Z"}
{"serviceMethodName":"getUsers","serviceMethodArguments":[],"level":"info","message":"Service Method Invoke","timestamp":"2020-04-02T11:14:11.697Z"}
{"serviceMethodName":"getUser","serviceMethodArguments":["24346134-6b03-4262-9b7f-429bc775d7fa"],"level":"info","message":"Service Method Invoke","timestamp":"2020-04-02T11:14:19.524Z"}
{"serviceMethodName":"getUser","serviceMethodArguments":["24346134-6b03-4262-9b7f-429bc775d7fa"],"level":"info","message":"Service Method Invoke","timestamp":"2020-04-02T11:29:36.950Z"}
{"serviceMethodName":"getUsers","serviceMethodArguments":[],"level":"info","message":"Service Method Invoke","timestamp":"2020-04-02T11:29:45.565Z"}
{"serviceMethodName":"getUsers","serviceMethodArguments":[],"level":"info","message":"Service Method Invoke","timestamp":"2020-04-02T11:34:28.551Z"}
{"serviceMethodName":"getUsers","serviceMethodArguments":[],"level":"info","message":"Service Method Invoke","timestamp":"2020-04-02T11:34:38.723Z"}
{"serviceMethodName":"getUsers","serviceMethodArguments":[],"level":"info","message":"Service Method Invoke","timestamp":"2020-04-02T11:38:33.188Z"}
{"serviceMethodName":"getUsers","serviceMethodArguments":[],"level":"info","message":"Service Method Invoke","timestamp":"2020-04-02T11:40:15.966Z"}
{"serviceMethodName":"getUsers","serviceMethodArguments":[],"level":"info","message":"Service Method Invoke","timestamp":"2020-04-02T11:40:32.836Z"}
{"serviceMethodName":"getUsers","serviceMethodArguments":[],"level":"info","message":"Service Method Invoke","timestamp":"2020-04-02T11:41:29.316Z"}
{"serviceMethodName":"getUser","serviceMethodArguments":["291a6f65-85e5-44d7-9a3d-b6cdc0a79daa"],"level":"info","message":"Service Method Invoke","timestamp":"2020-04-02T11:42:23.697Z"}
{"serviceMethodName":"getUser","serviceMethodArguments":["291a6f65-85e5-44d7-9a3d-b6cdc0a79daa"],"level":"info","message":"Service Method Invoke","timestamp":"2020-04-02T11:47:25.644Z"}
{"serviceMethodName":"getUsers","serviceMethodArguments":[],"level":"info","message":"Service Method Invoke","timestamp":"2020-04-02T11:47:38.019Z"}
{"serviceMethodName":"getUsers","serviceMethodArguments":[],"level":"info","message":"Service Method Invoke","timestamp":"2020-04-02T11:52:33.636Z"}
{"serviceMethodName":"getUser","serviceMethodArguments":["b371fb9c-bcdf-4974-bfb9-fede046827c1"],"level":"info","message":"Service Method Invoke","timestamp":"2020-04-02T11:52:44.803Z"}
{"serviceMethodName":"getUser","serviceMethodArguments":["2b93391d-c729-45d5-88af-9d6acbb1cb67"],"level":"info","message":"Service Method Invoke","timestamp":"2020-04-02T11:52:47.816Z"}
{"serviceMethodName":"getUsers","serviceMethodArguments":[],"level":"info","message":"Service Method Invoke","timestamp":"2020-04-02T11:52:54.251Z"}
{"serviceMethodName":"getUsers","serviceMethodArguments":[],"level":"info","message":"Service Method Invoke","timestamp":"2020-04-02T11:52:58.102Z"}
{"serviceMethodName":"editUser","serviceMethodArguments":["2b93391d-c729-45d5-88af-9d6acbb1cb67",{"isDeleted":false}],"level":"info","message":"Service Method Invoke","timestamp":"2020-04-02T11:53:05.298Z"}
{"serviceMethodName":"getUsers","serviceMethodArguments":[],"level":"info","message":"Service Method Invoke","timestamp":"2020-04-02T11:53:07.383Z"}
{"serviceMethodName":"getUsers","serviceMethodArguments":[],"level":"info","message":"Service Method Invoke","timestamp":"2020-04-02T11:53:09.240Z"}
{"serviceMethodName":"editUser","serviceMethodArguments":["2b93391d-c729-45d5-88af-9d6acbb1cb67",{"isDeleted":true}],"level":"info","message":"Service Method Invoke","timestamp":"2020-04-02T11:53:12.931Z"}
{"serviceMethodName":"getUsers","serviceMethodArguments":[],"level":"info","message":"Service Method Invoke","timestamp":"2020-04-02T11:53:14.757Z"}
{"serviceMethodName":"getUsers","serviceMethodArguments":[],"level":"info","message":"Service Method Invoke","timestamp":"2020-04-02T11:53:16.699Z"}
{"serviceMethodName":"getUsers","serviceMethodArguments":[],"level":"info","message":"Service Method Invoke","timestamp":"2020-04-02T11:53:22.703Z"}
{"serviceMethodName":"getUsers","serviceMethodArguments":[],"level":"info","message":"Service Method Invoke","timestamp":"2020-04-02T12:03:35.842Z"}
{"serviceMethodName":"getUser","serviceMethodArguments":["b371fb9c-bcdf-4974-bfb9-fede046827c1"],"level":"info","message":"Service Method Invoke","timestamp":"2020-04-02T12:03:38.349Z"}
{"serviceMethodName":"editUser","serviceMethodArguments":["NaN",{"password":"Password22","age":30}],"level":"info","message":"Service Method Invoke","timestamp":"2020-04-02T12:04:17.394Z"}
{"serviceMethodName":"editUser","serviceMethodArguments":["NaN",{"password":"Password22","age":30}],"level":"info","message":"Service Method Invoke","timestamp":"2020-04-02T12:04:26.720Z"}
{"serviceMethodName":"getUser","serviceMethodArguments":["b371fb9c-bcdf-4974-bfb9-fede046827c1"],"level":"info","message":"Service Method Invoke","timestamp":"2020-04-02T12:04:32.125Z"}
{"serviceMethodName":"getUser","serviceMethodArguments":["b371fb9c-bcdf-4974-bfb9-fede046827c1"],"level":"info","message":"Service Method Invoke","timestamp":"2020-04-02T12:04:44.134Z"}
{"serviceMethodName":"editUser","serviceMethodArguments":["NaN",{"password":"Password22","age":22}],"level":"info","message":"Service Method Invoke","timestamp":"2020-04-02T12:04:55.522Z"}
{"serviceMethodName":"editUser","serviceMethodArguments":["NaN",{"password":"Password22","age":30}],"level":"info","message":"Service Method Invoke","timestamp":"2020-04-02T12:06:17.408Z"}
{"serviceMethodName":"editUser","serviceMethodArguments":["NaN",{"password":"Password22","age":30}],"level":"info","message":"Service Method Invoke","timestamp":"2020-04-02T12:06:26.732Z"}
{"serviceMethodName":"editUser","serviceMethodArguments":["NaN",{"password":"Password22","age":22}],"level":"info","message":"Service Method Invoke","timestamp":"2020-04-02T12:06:55.530Z"}
{"serviceMethodName":"getUser","serviceMethodArguments":["b371fb9c-bcdf-4974-bfb9-fede046827c1"],"level":"info","message":"Service Method Invoke","timestamp":"2020-04-02T12:11:11.805Z"}
{"serviceMethodName":"getUsers","serviceMethodArguments":[],"level":"info","message":"Service Method Invoke","timestamp":"2020-04-02T12:11:27.022Z"}
{"serviceMethodName":"getUser","serviceMethodArguments":["b371fb9c-bcdf-4974-bfb9-fede046827c1"],"level":"info","message":"Service Method Invoke","timestamp":"2020-04-02T12:11:32.160Z"}
{"serviceMethodName":"getUser","serviceMethodArguments":["b371fb9c-bcdf-4974-bfb9-fede046827c1"],"level":"info","message":"Service Method Invoke","timestamp":"2020-04-02T12:13:14.791Z"}
{"serviceMethodName":"getUsers","serviceMethodArguments":[],"level":"info","message":"Service Method Invoke","timestamp":"2020-04-02T12:13:25.430Z"}
{"serviceMethodName":"getUser","serviceMethodArguments":["b371fb9c-bcdf-4974-bfb9-fede046827c1"],"level":"info","message":"Service Method Invoke","timestamp":"2020-04-02T12:13:26.615Z"}
{"serviceMethodName":"editUser","serviceMethodArguments":["undefined",{"password":"Password99","age":30}],"level":"info","message":"Service Method Invoke","timestamp":"2020-04-02T12:13:32.670Z"}
{"serviceMethodName":"getUser","serviceMethodArguments":["b371fb9c-bcdf-4974-bfb9-fede046827c1"],"level":"info","message":"Service Method Invoke","timestamp":"2020-04-02T12:13:42.642Z"}
{"serviceMethodName":"getUser","serviceMethodArguments":["b371fb9c-bcdf-4974-bfb9-fede046827c1"],"level":"info","message":"Service Method Invoke","timestamp":"2020-04-02T12:13:46.103Z"}
{"serviceMethodName":"editUser","serviceMethodArguments":["undefined",{"password":"Password22","age":22}],"level":"info","message":"Service Method Invoke","timestamp":"2020-04-02T12:13:54.598Z"}
{"serviceMethodName":"getUser","serviceMethodArguments":["b371fb9c-bcdf-4974-bfb9-fede046827c1"],"level":"info","message":"Service Method Invoke","timestamp":"2020-04-02T12:13:57.823Z"}
{"serviceMethodName":"getUser","serviceMethodArguments":["b371fb9c-bcdf-4974-bfb9-fede046827c1"],"level":"info","message":"Service Method Invoke","timestamp":"2020-04-02T12:14:30.363Z"}
{"serviceMethodName":"getUsers","serviceMethodArguments":[],"level":"info","message":"Service Method Invoke","timestamp":"2020-04-02T12:14:34.645Z"}
{"serviceMethodName":"getUser","serviceMethodArguments":["b371fb9c-bcdf-4974-bfb9-fede046827c1"],"level":"info","message":"Service Method Invoke","timestamp":"2020-04-02T12:14:37.251Z"}
{"serviceMethodName":"editUser","serviceMethodArguments":["undefined",{"password":"Password44","age":44}],"level":"info","message":"Service Method Invoke","timestamp":"2020-04-02T12:14:49.759Z"}
{"serviceMethodName":"getUser","serviceMethodArguments":["b371fb9c-bcdf-4974-bfb9-fede046827c1"],"level":"info","message":"Service Method Invoke","timestamp":"2020-04-02T12:14:56.617Z"}
{"serviceMethodName":"getUser","serviceMethodArguments":["b371fb9c-bcdf-4974-bfb9-fede046827c1"],"level":"info","message":"Service Method Invoke","timestamp":"2020-04-02T12:16:04.538Z"}
{"serviceMethodName":"getUsers","serviceMethodArguments":[],"level":"info","message":"Service Method Invoke","timestamp":"2020-04-02T12:16:08.334Z"}
{"serviceMethodName":"getUser","serviceMethodArguments":["b371fb9c-bcdf-4974-bfb9-fede046827c1"],"level":"info","message":"Service Method Invoke","timestamp":"2020-04-02T12:16:10.115Z"}
{"serviceMethodName":"editUser","serviceMethodArguments":["undefined",{"password":"Password22","age":44}],"level":"info","message":"Service Method Invoke","timestamp":"2020-04-02T12:16:29.455Z"}
{"serviceMethodName":"getUser","serviceMethodArguments":["b371fb9c-bcdf-4974-bfb9-fede046827c1"],"level":"info","message":"Service Method Invoke","timestamp":"2020-04-02T12:18:08.267Z"}
{"serviceMethodName":"getUsers","serviceMethodArguments":[],"level":"info","message":"Service Method Invoke","timestamp":"2020-04-02T12:18:14.693Z"}
{"serviceMethodName":"editUser","serviceMethodArguments":["undefined",{"password":"Password55","age":66}],"level":"info","message":"Service Method Invoke","timestamp":"2020-04-02T12:18:26.543Z"}
{"serviceMethodName":"getUser","serviceMethodArguments":["b371fb9c-bcdf-4974-bfb9-fede046827c1"],"level":"info","message":"Service Method Invoke","timestamp":"2020-04-02T12:19:50.407Z"}
{"serviceMethodName":"getUser","serviceMethodArguments":["b371fb9c-bcdf-4974-bfb9-fede046827c1"],"level":"info","message":"Service Method Invoke","timestamp":"2020-04-02T12:20:41.204Z"}
{"serviceMethodName":"editUser","serviceMethodArguments":["undefined",{"password":"Password33","age":35}],"level":"info","message":"Service Method Invoke","timestamp":"2020-04-02T12:20:50.961Z"}
{"serviceMethodName":"getUser","serviceMethodArguments":["b371fb9c-bcdf-4974-bfb9-fede046827c1"],"level":"info","message":"Service Method Invoke","timestamp":"2020-04-02T12:22:04.294Z"}
{"serviceMethodName":"editUser","serviceMethodArguments":["undefined",{"password":"Password9","age":34}],"level":"info","message":"Service Method Invoke","timestamp":"2020-04-02T12:22:14.909Z"}
{"serviceMethodName":"getUser","serviceMethodArguments":["b371fb9c-bcdf-4974-bfb9-fede046827c1"],"level":"info","message":"Service Method Invoke","timestamp":"2020-04-02T12:23:43.273Z"}
{"serviceMethodName":"getUser","serviceMethodArguments":["b371fb9c-bcdf-4974-bfb9-fede046827c1"],"level":"info","message":"Service Method Invoke","timestamp":"2020-04-02T12:23:59.684Z"}
{"serviceMethodName":"getUser","serviceMethodArguments":["b371fb9c-bcdf-4974-bfb9-fede046827c1"],"level":"info","message":"Service Method Invoke","timestamp":"2020-04-02T12:24:48.327Z"}
{"serviceMethodName":"getUser","serviceMethodArguments":["b371fb9c-bcdf-4974-bfb9-fede046827c1"],"level":"info","message":"Service Method Invoke","timestamp":"2020-04-02T12:25:07.896Z"}
{"serviceMethodName":"getUser","serviceMethodArguments":["b371fb9c-bcdf-4974-bfb9-fede046827c1"],"level":"info","message":"Service Method Invoke","timestamp":"2020-04-02T12:25:15.383Z"}
{"serviceMethodName":"getUsers","serviceMethodArguments":[],"level":"info","message":"Service Method Invoke","timestamp":"2020-04-02T12:25:21.437Z"}
{"serviceMethodName":"getUser","serviceMethodArguments":["b371fb9c-bcdf-4974-bfb9-fede046827c1"],"level":"info","message":"Service Method Invoke","timestamp":"2020-04-02T12:25:23.111Z"}
{"serviceMethodName":"editUser","serviceMethodArguments":["undefined",{"password":"Password6","age":39}],"level":"info","message":"Service Method Invoke","timestamp":"2020-04-02T12:25:31.711Z"}
{"serviceMethodName":"getUser","serviceMethodArguments":["b371fb9c-bcdf-4974-bfb9-fede046827c1"],"level":"info","message":"Service Method Invoke","timestamp":"2020-04-02T12:25:55.782Z"}
{"serviceMethodName":"getUser","serviceMethodArguments":["b371fb9c-bcdf-4974-bfb9-fede046827c1"],"level":"info","message":"Service Method Invoke","timestamp":"2020-04-02T12:32:52.037Z"}
{"serviceMethodName":"getUser","serviceMethodArguments":["b371fb9c-bcdf-4974-bfb9-fede046827c1"],"level":"info","message":"Service Method Invoke","timestamp":"2020-04-02T12:35:02.654Z"}
{"serviceMethodName":"editUser","serviceMethodArguments":["undefined",{"password":"Password99","age":99}],"level":"info","message":"Service Method Invoke","timestamp":"2020-04-02T12:35:15.222Z"}
{"serviceMethodName":"getUsers","serviceMethodArguments":[],"level":"info","message":"Service Method Invoke","timestamp":"2020-04-02T12:35:22.088Z"}
{"serviceMethodName":"getUser","serviceMethodArguments":["b371fb9c-bcdf-4974-bfb9-fede046827c1"],"level":"info","message":"Service Method Invoke","timestamp":"2020-04-02T12:35:24.294Z"}
{"serviceMethodName":"getUser","serviceMethodArguments":["9456e3e4-db73-4c42-a9c2-29da7a013eec"],"level":"info","message":"Service Method Invoke","timestamp":"2020-04-02T12:35:36.634Z"}
{"serviceMethodName":"getUser","serviceMethodArguments":["9456e3e4-db73-4c42-a9c2-29da7a013eec"],"level":"info","message":"Service Method Invoke","timestamp":"2020-04-02T12:35:44.969Z"}
{"serviceMethodName":"getUser","serviceMethodArguments":["b371fb9c-bcdf-4974-bfb9-fede046827c1"],"level":"info","message":"Service Method Invoke","timestamp":"2020-04-02T12:36:03.492Z"}
{"serviceMethodName":"editUser","serviceMethodArguments":["undefined",{"password":"Password99","age":89}],"level":"info","message":"Service Method Invoke","timestamp":"2020-04-02T12:36:14.426Z"}
{"serviceMethodName":"editUser","serviceMethodArguments":["undefined",{"password":"Password99","age":99}],"level":"info","message":"Service Method Invoke","timestamp":"2020-04-02T12:37:15.231Z"}
{"serviceMethodName":"editUser","serviceMethodArguments":["undefined",{"password":"Password99","age":89}],"level":"info","message":"Service Method Invoke","timestamp":"2020-04-02T12:38:14.428Z"}
{"serviceMethodName":"getUser","serviceMethodArguments":["b371fb9c-bcdf-4974-bfb9-fede046827c1"],"level":"info","message":"Service Method Invoke","timestamp":"2020-04-02T12:39:06.624Z"}
{"serviceMethodName":"editUser","serviceMethodArguments":["undefined",{"password":"Password89","age":99}],"level":"info","message":"Service Method Invoke","timestamp":"2020-04-02T12:39:21.447Z"}
{"serviceMethodName":"editUser","serviceMethodArguments":["undefined",{"password":"Password89","age":99}],"level":"info","message":"Service Method Invoke","timestamp":"2020-04-02T12:41:21.449Z"}
{"serviceMethodName":"getUser","serviceMethodArguments":["b371fb9c-bcdf-4974-bfb9-fede046827c1"],"level":"info","message":"Service Method Invoke","timestamp":"2020-04-02T12:41:24.644Z"}
{"serviceMethodName":"getUser","serviceMethodArguments":["b371fb9c-bcdf-4974-bfb9-fede046827c1"],"level":"info","message":"Service Method Invoke","timestamp":"2020-04-02T12:41:28.626Z"}
{"serviceMethodName":"getUser","serviceMethodArguments":["b371fb9c-bcdf-4974-bfb9-fede046827c1"],"level":"info","message":"Service Method Invoke","timestamp":"2020-04-02T12:41:35.675Z"}
{"serviceMethodName":"getUsers","serviceMethodArguments":[],"level":"info","message":"Service Method Invoke","timestamp":"2020-04-02T12:41:40.512Z"}
{"serviceMethodName":"editUser","serviceMethodArguments":["b371fb9c-bcdf-4974-bfb9-fede046827c1",{"password":"Password77","age":37,"isDeleted":false}],"level":"info","message":"Service Method Invoke","timestamp":"2020-04-02T12:41:54.586Z"}
{"serviceMethodName":"getUser","serviceMethodArguments":["b371fb9c-bcdf-4974-bfb9-fede046827c1"],"level":"info","message":"Service Method Invoke","timestamp":"2020-04-02T12:41:58.627Z"}
{"serviceMethodName":"getUser","serviceMethodArguments":["b371fb9c-bcdf-4974-bfb9-fede046827c1"],"level":"info","message":"Service Method Invoke","timestamp":"2020-04-02T12:44:28.723Z"}
{"serviceMethodName":"getUsers","serviceMethodArguments":[],"level":"info","message":"Service Method Invoke","timestamp":"2020-04-02T12:44:38.638Z"}
{"serviceMethodName":"getUsers","serviceMethodArguments":[],"level":"info","message":"Service Method Invoke","timestamp":"2020-04-02T12:44:39.653Z"}
{"serviceMethodName":"getUsers","serviceMethodArguments":[],"level":"info","message":"Service Method Invoke","timestamp":"2020-04-02T12:44:41.382Z"}
{"serviceMethodName":"getUsers","serviceMethodArguments":[],"level":"info","message":"Service Method Invoke","timestamp":"2020-04-02T12:44:50.729Z"}
{"serviceMethodName":"getUsers","serviceMethodArguments":[],"level":"info","message":"Service Method Invoke","timestamp":"2020-04-02T13:38:32.224Z"}
{"serviceMethodName":"getUser","serviceMethodArguments":["2b93391d-c729-45d5-88af-9d6acbb1cb67"],"level":"info","message":"Service Method Invoke","timestamp":"2020-04-02T13:38:37.536Z"}
{"serviceMethodName":"getUser","serviceMethodArguments":["2b93391d-c729-45d5-88af-9d6acbb1cb67"],"level":"info","message":"Service Method Invoke","timestamp":"2020-04-02T13:38:40.154Z"}
{"serviceMethodName":"getUser","serviceMethodArguments":["9456e3e4-db73-4c42-a9c2-29da7a013eec"],"level":"info","message":"Service Method Invoke","timestamp":"2020-04-02T13:38:41.973Z"}
{"serviceMethodName":"getUser","serviceMethodArguments":["2b93391d-c729-45d5-88af-9d6acbb1cb67"],"level":"info","message":"Service Method Invoke","timestamp":"2020-04-02T13:38:43.690Z"}
{"serviceMethodName":"getUser","serviceMethodArguments":["2b93391d-c729-45d5-88af-9d6acbb1cb67"],"level":"info","message":"Service Method Invoke","timestamp":"2020-04-02T13:38:46.861Z"}
{"serviceMethodName":"getUser","serviceMethodArguments":["9456e3e4-db73-4c42-a9c2-29da7a013eec"],"level":"info","message":"Service Method Invoke","timestamp":"2020-04-02T13:38:49.842Z"}
{"serviceMethodName":"getUser","serviceMethodArguments":["b371fb9c-bcdf-4974-bfb9-fede046827c1"],"level":"info","message":"Service Method Invoke","timestamp":"2020-04-02T13:38:51.940Z"}
{"serviceMethodName":"getUser","serviceMethodArguments":["b371fb9c-bcdf-4974-bfb9-fede046827c1"],"level":"info","message":"Service Method Invoke","timestamp":"2020-04-02T14:04:03.336Z"}
{"serviceMethodName":"getUser","serviceMethodArguments":["b371fb9c-bcdf-4974-bfb9-fede046827c1"],"level":"info","message":"Service Method Invoke","timestamp":"2020-04-02T14:04:27.347Z"}
{"serviceMethodName":"getUsers","serviceMethodArguments":[],"level":"info","message":"Service Method Invoke","timestamp":"2020-04-02T14:04:36.207Z"}
{"serviceMethodName":"getUsers","serviceMethodArguments":[],"level":"info","message":"Service Method Invoke","timestamp":"2020-04-02T14:06:54.144Z"}
{"serviceMethodName":"getUsers","serviceMethodArguments":[],"level":"info","message":"Service Method Invoke","timestamp":"2020-04-02T14:09:41.634Z"}
{"serviceMethodName":"getUsers","serviceMethodArguments":[],"level":"info","message":"Service Method Invoke","timestamp":"2020-04-02T14:10:18.327Z"}
{"serviceMethodName":"getUsers","serviceMethodArguments":[],"level":"info","message":"Service Method Invoke","timestamp":"2020-04-02T14:10:37.790Z"}
{"serviceMethodName":"getUser","serviceMethodArguments":["2b93391d-c729-45d5-88af-9d6acbb1cb67"],"level":"info","message":"Service Method Invoke","timestamp":"2020-04-02T14:10:44.676Z"}
{"serviceMethodName":"getUser","serviceMethodArguments":["9456e3e4-db73-4c42-a9c2-29da7a013eec"],"level":"info","message":"Service Method Invoke","timestamp":"2020-04-02T14:10:54.695Z"}
{"serviceMethodName":"getUser","serviceMethodArguments":["9456e3e4-db73-4c42-a9c2-29da7a013eec"],"level":"info","message":"Service Method Invoke","timestamp":"2020-04-02T14:11:15.879Z"}
{"serviceMethodName":"getUsers","serviceMethodArguments":[],"level":"info","message":"Service Method Invoke","timestamp":"2020-04-02T14:11:18.707Z"}
{"serviceMethodName":"getUser","serviceMethodArguments":["9456e3e4-db73-4c42-a9c2-29da7a013eec"],"level":"info","message":"Service Method Invoke","timestamp":"2020-04-02T14:11:21.344Z"}
{"serviceMethodName":"getUser","serviceMethodArguments":["2b93391d-c729-45d5-88af-9d6acbb1cb67"],"level":"info","message":"Service Method Invoke","timestamp":"2020-04-02T14:11:25.157Z"}
{"serviceMethodName":"getUser","serviceMethodArguments":["9456e3e4-db73-4c42-a9c2-29da7a013eec"],"level":"info","message":"Service Method Invoke","timestamp":"2020-04-02T14:11:27.335Z"}
{"serviceMethodName":"getUser","serviceMethodArguments":["9456e3e4-db73-4c42-a9c2-29da7a013eec"],"level":"info","message":"Service Method Invoke","timestamp":"2020-04-02T14:11:28.283Z"}
{"serviceMethodName":"getUser","serviceMethodArguments":["b371fb9c-bcdf-4974-bfb9-fede046827c1"],"level":"info","message":"Service Method Invoke","timestamp":"2020-04-02T14:11:30.821Z"}
{"serviceMethodName":"getUser","serviceMethodArguments":["b371fb9c-bcdf-4974-bfb9-fede046827c1"],"level":"info","message":"Service Method Invoke","timestamp":"2020-04-02T14:18:03.333Z"}
{"serviceMethodName":"getUsers","serviceMethodArguments":[],"level":"info","message":"Service Method Invoke","timestamp":"2020-04-02T14:18:19.080Z"}
{"serviceMethodName":"getUsers","serviceMethodArguments":[],"level":"info","message":"Service Method Invoke","timestamp":"2020-04-02T14:19:19.568Z"}
{"serviceMethodName":"getUser","serviceMethodArguments":["b371fb9c-bcdf-4974-bfb9-fede046827c1"],"level":"info","message":"Service Method Invoke","timestamp":"2020-04-02T14:19:32.637Z"}
{"serviceMethodName":"getUser","serviceMethodArguments":["2b93391d-c729-45d5-88af-9d6acbb1cb67"],"level":"info","message":"Service Method Invoke","timestamp":"2020-04-02T14:19:34.059Z"}
{"serviceMethodName":"getUser","serviceMethodArguments":["9456e3e4-db73-4c42-a9c2-29da7a013eec"],"level":"info","message":"Service Method Invoke","timestamp":"2020-04-02T14:19:35.184Z"}
{"serviceMethodName":"getUser","serviceMethodArguments":["9456e3e4-db73-4c42-a9c2-29da7a013eec"],"level":"info","message":"Service Method Invoke","timestamp":"2020-04-02T14:19:55.408Z"}
{"serviceMethodName":"getUsers","serviceMethodArguments":[],"level":"info","message":"Service Method Invoke","timestamp":"2020-04-02T14:19:58.445Z"}
{"serviceMethodName":"getUsers","serviceMethodArguments":[],"level":"info","message":"Service Method Invoke","timestamp":"2020-04-02T14:20:00.180Z"}
{"serviceMethodName":"getUser","serviceMethodArguments":["9456e3e4-db73-4c42-a9c2-29da7a013eec"],"level":"info","message":"Service Method Invoke","timestamp":"2020-04-02T14:20:15.326Z"}
{"serviceMethodName":"getUsers","serviceMethodArguments":[],"level":"info","message":"Service Method Invoke","timestamp":"2020-04-02T14:20:24.623Z"}
{"serviceMethodName":"getUsers","serviceMethodArguments":[],"level":"info","message":"Service Method Invoke","timestamp":"2020-04-02T14:21:05.783Z"}
{"serviceMethodName":"getUsers","serviceMethodArguments":[],"level":"info","message":"Service Method Invoke","timestamp":"2020-04-02T14:21:27.342Z"}
{"serviceMethodName":"getUser","serviceMethodArguments":["2b93391d-c729-45d5-88af-9d6acbb1cb67"],"level":"info","message":"Service Method Invoke","timestamp":"2020-04-02T14:21:32.023Z"}
{"serviceMethodName":"getUser","serviceMethodArguments":["2b93391d-c729-45d5-88af-9d6acbb1cb67"],"level":"info","message":"Service Method Invoke","timestamp":"2020-04-02T14:21:33.968Z"}
{"serviceMethodName":"getUser","serviceMethodArguments":["2b93391d-c729-45d5-88af-9d6acbb1cb67"],"level":"info","message":"Service Method Invoke","timestamp":"2020-04-02T14:21:35.245Z"}
{"serviceMethodName":"getUser","serviceMethodArguments":["b371fb9c-bcdf-4974-bfb9-fede046827c1"],"level":"info","message":"Service Method Invoke","timestamp":"2020-04-02T14:21:39.055Z"}
{"serviceMethodName":"getUser","serviceMethodArguments":["9456e3e4-db73-4c42-a9c2-29da7a013eec"],"level":"info","message":"Service Method Invoke","timestamp":"2020-04-02T14:21:41.135Z"}
{"serviceMethodName":"getUser","serviceMethodArguments":["9456e3e4-db73-4c42-a9c2-29da7a013eec"],"level":"info","message":"Service Method Invoke","timestamp":"2020-04-02T14:22:52.294Z"}
{"serviceMethodName":"getUsers","serviceMethodArguments":[],"level":"info","message":"Service Method Invoke","timestamp":"2020-04-02T14:23:00.837Z"}
{"serviceMethodName":"getUsers","serviceMethodArguments":[],"level":"info","message":"Service Method Invoke","timestamp":"2020-04-02T14:23:18.405Z"}
{"serviceMethodName":"getUsers","serviceMethodArguments":[],"level":"info","message":"Service Method Invoke","timestamp":"2020-04-02T14:23:36.286Z"}
{"serviceMethodName":"getUsers","serviceMethodArguments":[],"level":"info","message":"Service Method Invoke","timestamp":"2020-04-02T14:24:02.400Z"}
{"serviceMethodName":"getUsers","serviceMethodArguments":[],"level":"info","message":"Service Method Invoke","timestamp":"2020-04-02T14:24:17.934Z"}
{"serviceMethodName":"getUser","serviceMethodArguments":["2b93391d-c729-45d5-88af-9d6acbb1cb67"],"level":"info","message":"Service Method Invoke","timestamp":"2020-04-02T14:24:27.356Z"}
{"serviceMethodName":"getUser","serviceMethodArguments":["2b93391d-c729-45d5-88af-9d6acbb1cb67"],"level":"info","message":"Service Method Invoke","timestamp":"2020-04-02T14:24:37.604Z"}
{"serviceMethodName":"getUsers","serviceMethodArguments":[],"level":"info","message":"Service Method Invoke","timestamp":"2020-04-02T14:24:40.124Z"}
{"serviceMethodName":"getUser","serviceMethodArguments":["2b93391d-c729-45d5-88af-9d6acbb1cb67"],"level":"info","message":"Service Method Invoke","timestamp":"2020-04-02T14:24:43.947Z"}
{"serviceMethodName":"getUser","serviceMethodArguments":["2b93391d-c729-45d5-88af-9d6acbb1cb67"],"level":"info","message":"Service Method Invoke","timestamp":"2020-04-02T14:25:18.967Z"}
{"serviceMethodName":"getUsers","serviceMethodArguments":[],"level":"info","message":"Service Method Invoke","timestamp":"2020-04-02T14:25:26.821Z"}
{"serviceMethodName":"getUser","serviceMethodArguments":["b371fb9c-bcdf-4974-bfb9-fede046827c1"],"level":"info","message":"Service Method Invoke","timestamp":"2020-04-02T14:25:29.130Z"}
{"serviceMethodName":"getUser","serviceMethodArguments":["9456e3e4-db73-4c42-a9c2-29da7a013eec"],"level":"info","message":"Service Method Invoke","timestamp":"2020-04-02T14:25:31.397Z"}
{"serviceMethodName":"getUser","serviceMethodArguments":["2b93391d-c729-45d5-88af-9d6acbb1cb67"],"level":"info","message":"Service Method Invoke","timestamp":"2020-04-02T14:25:33.458Z"}
{"serviceMethodName":"getUser","serviceMethodArguments":["b371fb9c-bcdf-4974-bfb9-fede046827c1"],"level":"info","message":"Service Method Invoke","timestamp":"2020-04-02T14:25:35.326Z"}
{"serviceMethodName":"getUsers","serviceMethodArguments":[],"level":"info","message":"Service Method Invoke","timestamp":"2020-04-02T14:25:37.409Z"}
{"serviceMethodName":"getUsers","serviceMethodArguments":[],"level":"info","message":"Service Method Invoke","timestamp":"2020-04-02T14:25:39.427Z"}
{"serviceMethodName":"getUsers","serviceMethodArguments":[],"level":"info","message":"Service Method Invoke","timestamp":"2020-04-02T14:25:42.603Z"}
{"serviceMethodName":"getUsers","serviceMethodArguments":[],"level":"info","message":"Service Method Invoke","timestamp":"2020-04-02T14:25:49.580Z"}
{"serviceMethodName":"getUsers","serviceMethodArguments":[],"level":"info","message":"Service Method Invoke","timestamp":"2020-04-02T14:25:52.931Z"}
{"serviceMethodName":"getUser","serviceMethodArguments":["2b93391d-c729-45d5-88af-9d6acbb1cb67"],"level":"info","message":"Service Method Invoke","timestamp":"2020-04-02T14:25:57.132Z"}
{"serviceMethodName":"getUsers","serviceMethodArguments":[],"level":"info","message":"Service Method Invoke","timestamp":"2020-04-02T14:31:57.566Z"}
{"serviceMethodName":"getUser","serviceMethodArguments":["2b93391d-c729-45d5-88af-9d6acbb1cb67"],"level":"info","message":"Service Method Invoke","timestamp":"2020-04-02T14:32:01.561Z"}
{"serviceMethodName":"getUser","serviceMethodArguments":["2b93391d-c729-45d5-88af-9d6acbb1cb67"],"level":"info","message":"Service Method Invoke","timestamp":"2020-04-02T14:32:03.623Z"}
{"serviceMethodName":"getUser","serviceMethodArguments":["2b93391d-c729-45d5-88af-9d6acbb1cb67"],"level":"info","message":"Service Method Invoke","timestamp":"2020-04-02T14:33:11.353Z"}
{"serviceMethodName":"getUser","serviceMethodArguments":["2b93391d-c729-45d5-88af-9d6acbb1cb67"],"level":"info","message":"Service Method Invoke","timestamp":"2020-04-02T14:33:17.336Z"}
{"serviceMethodName":"getUsers","serviceMethodArguments":[],"level":"info","message":"Service Method Invoke","timestamp":"2020-04-02T14:33:19.514Z"}
{"serviceMethodName":"getUser","serviceMethodArguments":["40b4a2d1-d80e-497d-ba1e-e955efdaf571"],"level":"info","message":"Service Method Invoke","timestamp":"2020-04-02T14:33:21.248Z"}
{"serviceMethodName":"getUser","serviceMethodArguments":["40b4a2d1-d80e-497d-ba1e-e955efdaf571"],"level":"info","message":"Service Method Invoke","timestamp":"2020-04-02T14:33:59.269Z"}
{"serviceMethodName":"getUser","serviceMethodArguments":["40b4a2d1-d80e-497d-ba1e-e955efdaf571"],"level":"info","message":"Service Method Invoke","timestamp":"2020-04-02T14:34:02.786Z"}
{"serviceMethodName":"getUser","serviceMethodArguments":["40b4a2d1-d80e-497d-ba1e-e955efdaf571"],"level":"info","message":"Service Method Invoke","timestamp":"2020-04-02T14:34:04.198Z"}
{"serviceMethodName":"getUsers","serviceMethodArguments":[],"level":"info","message":"Service Method Invoke","timestamp":"2020-04-02T14:34:13.403Z"}
{"serviceMethodName":"getUser","serviceMethodArguments":["5fd2c676-9b58-4fb2-9879-c0ff4b42425d"],"level":"info","message":"Service Method Invoke","timestamp":"2020-04-02T14:34:14.668Z"}
{"serviceMethodName":"getUser","serviceMethodArguments":["5fd2c676-9b58-4fb2-9879-c0ff4b42425d"],"level":"info","message":"Service Method Invoke","timestamp":"2020-04-02T14:34:36.905Z"}
{"serviceMethodName":"getUser","serviceMethodArguments":["5fd2c676-9b58-4fb2-9879-c0ff4b42425d"],"level":"info","message":"Service Method Invoke","timestamp":"2020-04-02T14:35:46.366Z"}
{"serviceMethodName":"getUser","serviceMethodArguments":["5fd2c676-9b58-4fb2-9879-c0ff4b42425d"],"level":"info","message":"Service Method Invoke","timestamp":"2020-04-02T14:36:04.361Z"}
{"serviceMethodName":"getUser","serviceMethodArguments":["5fd2c676-9b58-4fb2-9879-c0ff4b42425d"],"level":"info","message":"Service Method Invoke","timestamp":"2020-04-02T14:36:31.335Z"}
{"serviceMethodName":"getUser","serviceMethodArguments":["5fd2c676-9b58-4fb2-9879-c0ff4b42425d"],"level":"info","message":"Service Method Invoke","timestamp":"2020-04-02T14:36:37.923Z"}
{"serviceMethodName":"getUser","serviceMethodArguments":["5fd2c676-9b58-4fb2-9879-c0ff4b42425d"],"level":"info","message":"Service Method Invoke","timestamp":"2020-04-02T14:37:05.870Z"}
{"serviceMethodName":"getUser","serviceMethodArguments":["5fd2c676-9b58-4fb2-9879-c0ff4b42425d"],"level":"info","message":"Service Method Invoke","timestamp":"2020-04-02T14:39:20.331Z"}
{"serviceMethodName":"getUsers","serviceMethodArguments":[],"level":"info","message":"Service Method Invoke","timestamp":"2020-04-02T14:39:25.617Z"}
{"serviceMethodName":"editUser","serviceMethodArguments":["5fd2c676-9b58-4fb2-9879-c0ff4b42425d",{"password":"Password9","age":89,"isDeleted":false}],"level":"info","message":"Service Method Invoke","timestamp":"2020-04-02T14:39:45.228Z"}
{"serviceMethodName":"getUser","serviceMethodArguments":["5fd2c676-9b58-4fb2-9879-c0ff4b42425d"],"level":"info","message":"Service Method Invoke","timestamp":"2020-04-02T14:39:47.870Z"}
{"serviceMethodName":"getUser","serviceMethodArguments":["c76cf33b-d8f7-45ff-9315-7ed677bb7340"],"level":"info","message":"Service Method Invoke","timestamp":"2020-04-02T14:39:58.802Z"}
{"serviceMethodName":"getUser","serviceMethodArguments":["55ea0b3b-18e3-4aac-9e3f-7a54d2f531c7"],"level":"info","message":"Service Method Invoke","timestamp":"2020-04-02T14:40:06.186Z"}
{"serviceMethodName":"getUser","serviceMethodArguments":["55ea0b3b-18e3-4aac-9e3f-7a54d2f531c7"],"level":"info","message":"Service Method Invoke","timestamp":"2020-04-02T14:40:08.162Z"}
{"serviceMethodName":"getUsers","serviceMethodArguments":[],"level":"info","message":"Service Method Invoke","timestamp":"2020-04-02T14:40:10.428Z"}
{"serviceMethodName":"getUsers","serviceMethodArguments":[],"level":"info","message":"Service Method Invoke","timestamp":"2020-04-02T14:40:13.465Z"}
{"serviceMethodName":"getUsers","serviceMethodArguments":[],"level":"info","message":"Service Method Invoke","timestamp":"2020-04-02T14:40:15.872Z"}
{"serviceMethodName":"editUser","serviceMethodArguments":["55ea0b3b-18e3-4aac-9e3f-7a54d2f531c7",{"isDeleted":true}],"level":"info","message":"Service Method Invoke","timestamp":"2020-04-02T14:40:20.901Z"}
{"serviceMethodName":"getUsers","serviceMethodArguments":[],"level":"info","message":"Service Method Invoke","timestamp":"2020-04-02T14:40:23.781Z"}
{"serviceMethodName":"getUsers","serviceMethodArguments":[],"level":"info","message":"Service Method Invoke","timestamp":"2020-04-02T14:40:25.606Z"}
{"serviceMethodName":"getUsers","serviceMethodArguments":[],"level":"info","message":"Service Method Invoke","timestamp":"2020-04-02T14:40:29.344Z"}
{"serviceMethodName":"getUser","serviceMethodArguments":["c76cf33b-d8f7-45ff-9315-7ed677bb7340"],"level":"info","message":"Service Method Invoke","timestamp":"2020-04-02T14:40:37.752Z"}
{"serviceMethodName":"getUser","serviceMethodArguments":["5fd2c676-9b58-4fb2-9879-c0ff4b42425d"],"level":"info","message":"Service Method Invoke","timestamp":"2020-04-02T14:40:39.937Z"}
{"serviceMethodName":"getUser","serviceMethodArguments":["55ea0b3b-18e3-4aac-9e3f-7a54d2f531c7"],"level":"info","message":"Service Method Invoke","timestamp":"2020-04-02T14:40:41.677Z"}
{"serviceMethodName":"getUser","serviceMethodArguments":["5fd2c676-9b58-4fb2-9879-c0ff4b42425d"],"level":"info","message":"Service Method Invoke","timestamp":"2020-04-02T14:40:47.337Z"}
{"serviceMethodName":"editUser","serviceMethodArguments":["5fd2c676-9b58-4fb2-9879-c0ff4b42425d",{"password":"Password1","age":22,"isDeleted":false}],"level":"info","message":"Service Method Invoke","timestamp":"2020-04-02T14:40:58.123Z"}
{"serviceMethodName":"getUser","serviceMethodArguments":["5fd2c676-9b58-4fb2-9879-c0ff4b42425d"],"level":"info","message":"Service Method Invoke","timestamp":"2020-04-02T14:41:00.538Z"}
{"serviceMethodName":"getUsers","serviceMethodArguments":[],"level":"info","message":"Service Method Invoke","timestamp":"2020-04-02T14:42:43.145Z"}
{"serviceMethodName":"getUser","serviceMethodArguments":["c76cf33b-d8f7-45ff-9315-7ed677bb7340"],"level":"info","message":"Service Method Invoke","timestamp":"2020-04-02T14:42:46.538Z"}
{"serviceMethodName":"getUser","serviceMethodArguments":["c76cf33b-d8f7-45ff-9315-7ed677bb7340"],"level":"info","message":"Service Method Invoke","timestamp":"2020-04-02T14:43:20.868Z"}
{"serviceMethodName":"getUsers","serviceMethodArguments":[],"level":"info","message":"Service Method Invoke","timestamp":"2020-04-02T14:43:31.376Z"}
{"serviceMethodName":"getUsers","serviceMethodArguments":[],"level":"info","message":"Service Method Invoke","timestamp":"2020-04-02T14:43:31.671Z"}
{"serviceMethodName":"getUsers","serviceMethodArguments":[],"level":"info","message":"Service Method Invoke","timestamp":"2020-04-02T14:43:33.997Z"}
{"serviceMethodName":"getUsers","serviceMethodArguments":[],"level":"info","message":"Service Method Invoke","timestamp":"2020-04-02T14:43:35.208Z"}
{"serviceMethodName":"getUsers","serviceMethodArguments":[],"level":"info","message":"Service Method Invoke","timestamp":"2020-04-02T14:43:36.870Z"}
{"serviceMethodName":"getUsers","serviceMethodArguments":[],"level":"info","message":"Service Method Invoke","timestamp":"2020-04-02T14:43:37.412Z"}
{"serviceMethodName":"getUsers","serviceMethodArguments":[],"level":"info","message":"Service Method Invoke","timestamp":"2020-04-02T14:43:39.783Z"}
{"serviceMethodName":"getUsers","serviceMethodArguments":[],"level":"info","message":"Service Method Invoke","timestamp":"2020-04-02T14:45:56.674Z"}
{"serviceMethodName":"getUsers","serviceMethodArguments":[],"level":"info","message":"Service Method Invoke","timestamp":"2020-04-02T14:46:06.216Z"}
{"serviceMethodName":"getUsers","serviceMethodArguments":[],"level":"info","message":"Service Method Invoke","timestamp":"2020-04-02T14:46:07.591Z"}
{"serviceMethodName":"getUsers","serviceMethodArguments":[],"level":"info","message":"Service Method Invoke","timestamp":"2020-04-02T14:46:12.959Z"}
{"serviceMethodName":"getUser","serviceMethodArguments":["c76cf33b-d8f7-45ff-9315-7ed677bb7340"],"level":"info","message":"Service Method Invoke","timestamp":"2020-04-02T14:46:14.215Z"}
{"serviceMethodName":"getUser","serviceMethodArguments":["55ea0b3b-18e3-4aac-9e3f-7a54d2f531c7"],"level":"info","message":"Service Method Invoke","timestamp":"2020-04-02T14:46:16.913Z"}
{"serviceMethodName":"getUser","serviceMethodArguments":["5fd2c676-9b58-4fb2-9879-c0ff4b42425d"],"level":"info","message":"Service Method Invoke","timestamp":"2020-04-02T14:46:19.077Z"}
{"serviceMethodName":"getUser","serviceMethodArguments":["c76cf33b-d8f7-45ff-9315-7ed677bb7340"],"level":"info","message":"Service Method Invoke","timestamp":"2020-04-02T14:47:51.442Z"}
{"serviceMethodName":"getUser","serviceMethodArguments":["55ea0b3b-18e3-4aac-9e3f-7a54d2f531c7"],"level":"info","message":"Service Method Invoke","timestamp":"2020-04-02T14:47:56.713Z"}
{"serviceMethodName":"getUser","serviceMethodArguments":["5fd2c676-9b58-4fb2-9879-c0ff4b42425d"],"level":"info","message":"Service Method Invoke","timestamp":"2020-04-02T14:47:59.399Z"}
{"serviceMethodName":"getUser","serviceMethodArguments":["55ea0b3b-18e3-4aac-9e3f-7a54d2f531c7"],"level":"info","message":"Service Method Invoke","timestamp":"2020-04-02T14:48:02.180Z"}
{"serviceMethodName":"getUsers","serviceMethodArguments":[],"level":"info","message":"Service Method Invoke","timestamp":"2020-04-02T14:48:05.006Z"}
{"serviceMethodName":"editUser","serviceMethodArguments":["5fd2c676-9b58-4fb2-9879-c0ff4b42425d",{"isDeleted":false}],"level":"info","message":"Service Method Invoke","timestamp":"2020-04-02T14:48:07.361Z"}
{"serviceMethodName":"getUsers","serviceMethodArguments":[],"level":"info","message":"Service Method Invoke","timestamp":"2020-04-02T14:48:12.888Z"}
{"serviceMethodName":"getUsers","serviceMethodArguments":[],"level":"info","message":"Service Method Invoke","timestamp":"2020-04-02T14:48:14.798Z"}
{"serviceMethodName":"getUsers","serviceMethodArguments":[],"level":"info","message":"Service Method Invoke","timestamp":"2020-04-02T14:48:17.671Z"}
{"serviceMethodName":"getUser","serviceMethodArguments":["5fd2c676-9b58-4fb2-9879-c0ff4b42425d"],"level":"info","message":"Service Method Invoke","timestamp":"2020-04-02T14:48:19.816Z"}
{"serviceMethodName":"getUser","serviceMethodArguments":["55ea0b3b-18e3-4aac-9e3f-7a54d2f531c7"],"level":"info","message":"Service Method Invoke","timestamp":"2020-04-02T14:48:24.100Z"}
{"serviceMethodName":"getUser","serviceMethodArguments":["c76cf33b-d8f7-45ff-9315-7ed677bb7340"],"level":"info","message":"Service Method Invoke","timestamp":"2020-04-02T14:48:27.383Z"}
{"serviceMethodName":"getUser","serviceMethodArguments":["c76cf33b-d8f7-45ff-9315-7ed677bb7340"],"level":"info","message":"Service Method Invoke","timestamp":"2020-04-02T14:48:32.036Z"}
{"serviceMethodName":"getUser","serviceMethodArguments":["55ea0b3b-18e3-4aac-9e3f-7a54d2f531c7"],"level":"info","message":"Service Method Invoke","timestamp":"2020-04-02T14:48:35.167Z"}
{"serviceMethodName":"getUser","serviceMethodArguments":["5fd2c676-9b58-4fb2-9879-c0ff4b42425d"],"level":"info","message":"Service Method Invoke","timestamp":"2020-04-02T14:48:36.532Z"}
{"serviceMethodName":"getUser","serviceMethodArguments":["55ea0b3b-18e3-4aac-9e3f-7a54d2f531c7"],"level":"info","message":"Service Method Invoke","timestamp":"2020-04-02T14:48:39.567Z"}
{"serviceMethodName":"getUser","serviceMethodArguments":["c76cf33b-d8f7-45ff-9315-7ed677bb7340"],"level":"info","message":"Service Method Invoke","timestamp":"2020-04-02T14:48:41.318Z"}
{"serviceMethodName":"getUsers","serviceMethodArguments":[],"level":"info","message":"Service Method Invoke","timestamp":"2020-04-02T15:10:58.623Z"}
{"serviceMethodName":"getUser","serviceMethodArguments":["55ea0b3b-18e3-4aac-9e3f-7a54d2f531c7"],"level":"info","message":"Service Method Invoke","timestamp":"2020-04-02T15:11:13.850Z"}
{"serviceMethodName":"getUsers","serviceMethodArguments":[],"level":"info","message":"Service Method Invoke","timestamp":"2020-04-02T15:11:19.297Z"}
{"serviceMethodName":"getUsers","serviceMethodArguments":[],"level":"info","message":"Service Method Invoke","timestamp":"2020-04-02T15:11:20.511Z"}
{"serviceMethodName":"getUsers","serviceMethodArguments":[],"level":"info","message":"Service Method Invoke","timestamp":"2020-04-02T15:11:25.627Z"}
{"serviceMethodName":"getUser","serviceMethodArguments":["2628acae-3526-4a00-abb9-d4142e83dbc3"],"level":"info","message":"Service Method Invoke","timestamp":"2020-04-02T15:11:27.971Z"}
{"serviceMethodName":"editUser","serviceMethodArguments":["2628acae-3526-4a00-abb9-d4142e83dbc3",{"password":"vishal123","age":99,"isDeleted":false}],"level":"info","message":"Service Method Invoke","timestamp":"2020-04-02T15:11:35.262Z"}
{"serviceMethodName":"getUser","serviceMethodArguments":["2628acae-3526-4a00-abb9-d4142e83dbc3"],"level":"info","message":"Service Method Invoke","timestamp":"2020-04-02T15:11:38.062Z"}
{"serviceMethodName":"getUser","serviceMethodArguments":["c76cf33b-d8f7-45ff-9315-7ed677bb7340"],"level":"info","message":"Service Method Invoke","timestamp":"2020-04-02T15:11:47.928Z"}
{"serviceMethodName":"getUsers","serviceMethodArguments":[],"level":"info","message":"Service Method Invoke","timestamp":"2020-04-02T15:11:52.209Z"}
{"serviceMethodName":"getUsers","serviceMethodArguments":[],"level":"info","message":"Service Method Invoke","timestamp":"2020-04-02T15:11:54.114Z"}
{"serviceMethodName":"getUsers","serviceMethodArguments":[],"level":"info","message":"Service Method Invoke","timestamp":"2020-04-02T15:11:55.842Z"}
